{"/home/jdavidleonch/develop/university/proyecto-grado-unimayor/backend/src/auth/utils/password.ts": {"path":"/home/jdavidleonch/develop/university/proyecto-grado-unimayor/backend/src/auth/utils/password.ts","statementMap":{"0":{"start":{"line":1,"column":0},"end":{"line":1,"column":28}},"1":{"start":{"line":3,"column":28},"end":{"line":6,"column":1}},"2":{"start":{"line":4,"column":15},"end":{"line":4,"column":39}},"3":{"start":{"line":5,"column":2},"end":{"line":5,"column":43}},"4":{"start":{"line":3,"column":13},"end":{"line":3,"column":28}},"5":{"start":{"line":8,"column":29},"end":{"line":10,"column":1}},"6":{"start":{"line":9,"column":2},"end":{"line":9,"column":46}},"7":{"start":{"line":8,"column":13},"end":{"line":8,"column":29}}},"fnMap":{"0":{"name":"(anonymous_1)","decl":{"start":{"line":3,"column":28},"end":{"line":3,"column":33}},"loc":{"start":{"line":3,"column":55},"end":{"line":6,"column":1}}},"1":{"name":"(anonymous_2)","decl":{"start":{"line":8,"column":29},"end":{"line":8,"column":34}},"loc":{"start":{"line":8,"column":70},"end":{"line":10,"column":1}}}},"branchMap":{},"s":{"0":1,"1":1,"2":3,"3":3,"4":1,"5":1,"6":2,"7":1},"f":{"0":3,"1":2},"b":{}}
,"/home/jdavidleonch/develop/university/proyecto-grado-unimayor/backend/src/event/event.controller.ts": {"path":"/home/jdavidleonch/develop/university/proyecto-grado-unimayor/backend/src/event/event.controller.ts","statementMap":{"0":{"start":{"line":2,"column":0},"end":{"line":2,"column":46}},"1":{"start":{"line":4,"column":15},"end":{"line":4,"column":33}},"2":{"start":{"line":8,"column":16},"end":{"line":243,"column":5}},"3":{"start":{"line":9,"column":8},"end":{"line":242,"column":9}},"4":{"start":{"line":10,"column":27},"end":{"line":10,"column":47}},"5":{"start":{"line":11,"column":12},"end":{"line":13,"column":13}},"6":{"start":{"line":12,"column":16},"end":{"line":12,"column":83}},"7":{"start":{"line":15,"column":25},"end":{"line":15,"column":64}},"8":{"start":{"line":16,"column":26},"end":{"line":16,"column":67}},"9":{"start":{"line":17,"column":25},"end":{"line":17,"column":43}},"10":{"start":{"line":20,"column":31},"end":{"line":37,"column":14}},"11":{"start":{"line":40,"column":32},"end":{"line":42,"column":14}},"12":{"start":{"line":43,"column":36},"end":{"line":45,"column":14}},"13":{"start":{"line":46,"column":33},"end":{"line":50,"column":14}},"14":{"start":{"line":51,"column":35},"end":{"line":51,"column":66}},"15":{"start":{"line":51,"column":57},"end":{"line":51,"column":65}},"16":{"start":{"line":53,"column":30},"end":{"line":53,"column":89}},"17":{"start":{"line":53,"column":51},"end":{"line":53,"column":88}},"18":{"start":{"line":54,"column":34},"end":{"line":54,"column":97}},"19":{"start":{"line":54,"column":55},"end":{"line":54,"column":96}},"20":{"start":{"line":55,"column":30},"end":{"line":55,"column":90}},"21":{"start":{"line":55,"column":51},"end":{"line":55,"column":89}},"22":{"start":{"line":58,"column":35},"end":{"line":60,"column":14}},"23":{"start":{"line":62,"column":12},"end":{"line":123,"column":13}},"24":{"start":{"line":64,"column":43},"end":{"line":67,"column":18}},"25":{"start":{"line":69,"column":16},"end":{"line":82,"column":17}},"26":{"start":{"line":70,"column":20},"end":{"line":74,"column":22}},"27":{"start":{"line":78,"column":20},"end":{"line":81,"column":22}},"28":{"start":{"line":83,"column":19},"end":{"line":123,"column":13}},"29":{"start":{"line":85,"column":42},"end":{"line":87,"column":49}},"30":{"start":{"line":86,"column":33},"end":{"line":86,"column":70}},"31":{"start":{"line":87,"column":30},"end":{"line":87,"column":48}},"32":{"start":{"line":89,"column":16},"end":{"line":99,"column":17}},"33":{"start":{"line":90,"column":20},"end":{"line":92,"column":22}},"34":{"start":{"line":95,"column":20},"end":{"line":98,"column":22}},"35":{"start":{"line":100,"column":19},"end":{"line":123,"column":13}},"36":{"start":{"line":102,"column":42},"end":{"line":104,"column":49}},"37":{"start":{"line":103,"column":33},"end":{"line":103,"column":71}},"38":{"start":{"line":104,"column":30},"end":{"line":104,"column":48}},"39":{"start":{"line":106,"column":16},"end":{"line":116,"column":17}},"40":{"start":{"line":107,"column":20},"end":{"line":109,"column":22}},"41":{"start":{"line":112,"column":20},"end":{"line":115,"column":22}},"42":{"start":{"line":119,"column":16},"end":{"line":122,"column":18}},"43":{"start":{"line":126,"column":26},"end":{"line":128,"column":14}},"44":{"start":{"line":130,"column":27},"end":{"line":134,"column":14}},"45":{"start":{"line":137,"column":24},"end":{"line":137,"column":34}},"46":{"start":{"line":138,"column":12},"end":{"line":161,"column":15}},"47":{"start":{"line":139,"column":65},"end":{"line":139,"column":101}},"48":{"start":{"line":140,"column":34},"end":{"line":140,"column":65}},"49":{"start":{"line":141,"column":34},"end":{"line":141,"column":65}},"50":{"start":{"line":143,"column":16},"end":{"line":145,"column":17}},"51":{"start":{"line":144,"column":20},"end":{"line":144,"column":49}},"52":{"start":{"line":148,"column":30},"end":{"line":148,"column":54}},"53":{"start":{"line":149,"column":30},"end":{"line":149,"column":54}},"54":{"start":{"line":150,"column":39},"end":{"line":150,"column":107}},"55":{"start":{"line":151,"column":39},"end":{"line":151,"column":107}},"56":{"start":{"line":154,"column":16},"end":{"line":160,"column":17}},"57":{"start":{"line":155,"column":20},"end":{"line":155,"column":59}},"58":{"start":{"line":156,"column":23},"end":{"line":160,"column":17}},"59":{"start":{"line":157,"column":20},"end":{"line":157,"column":59}},"60":{"start":{"line":159,"column":20},"end":{"line":159,"column":56}},"61":{"start":{"line":164,"column":37},"end":{"line":226,"column":14}},"62":{"start":{"line":165,"column":28},"end":{"line":165,"column":38}},"63":{"start":{"line":166,"column":34},"end":{"line":166,"column":62}},"64":{"start":{"line":167,"column":38},"end":{"line":167,"column":110}},"65":{"start":{"line":169,"column":28},"end":{"line":169,"column":34}},"66":{"start":{"line":170,"column":34},"end":{"line":170,"column":51}},"67":{"start":{"line":172,"column":16},"end":{"line":210,"column":17}},"68":{"start":{"line":174,"column":20},"end":{"line":174,"column":35}},"69":{"start":{"line":175,"column":20},"end":{"line":175,"column":52}},"70":{"start":{"line":176,"column":23},"end":{"line":210,"column":17}},"71":{"start":{"line":177,"column":20},"end":{"line":186,"column":21}},"72":{"start":{"line":178,"column":24},"end":{"line":178,"column":38}},"73":{"start":{"line":179,"column":24},"end":{"line":179,"column":55}},"74":{"start":{"line":180,"column":27},"end":{"line":186,"column":21}},"75":{"start":{"line":181,"column":24},"end":{"line":181,"column":41}},"76":{"start":{"line":182,"column":24},"end":{"line":182,"column":58}},"77":{"start":{"line":184,"column":24},"end":{"line":184,"column":38}},"78":{"start":{"line":185,"column":24},"end":{"line":185,"column":55}},"79":{"start":{"line":187,"column":23},"end":{"line":210,"column":17}},"80":{"start":{"line":188,"column":20},"end":{"line":197,"column":21}},"81":{"start":{"line":189,"column":24},"end":{"line":189,"column":41}},"82":{"start":{"line":190,"column":24},"end":{"line":190,"column":58}},"83":{"start":{"line":191,"column":27},"end":{"line":197,"column":21}},"84":{"start":{"line":192,"column":24},"end":{"line":192,"column":41}},"85":{"start":{"line":193,"column":24},"end":{"line":193,"column":58}},"86":{"start":{"line":195,"column":24},"end":{"line":195,"column":39}},"87":{"start":{"line":196,"column":24},"end":{"line":196,"column":56}},"88":{"start":{"line":200,"column":20},"end":{"line":209,"column":21}},"89":{"start":{"line":201,"column":24},"end":{"line":201,"column":41}},"90":{"start":{"line":202,"column":24},"end":{"line":202,"column":58}},"91":{"start":{"line":203,"column":27},"end":{"line":209,"column":21}},"92":{"start":{"line":204,"column":24},"end":{"line":204,"column":39}},"93":{"start":{"line":205,"column":24},"end":{"line":205,"column":56}},"94":{"start":{"line":207,"column":24},"end":{"line":207,"column":40}},"95":{"start":{"line":208,"column":24},"end":{"line":208,"column":57}},"96":{"start":{"line":212,"column":16},"end":{"line":225,"column":18}},"97":{"start":{"line":228,"column":12},"end":{"line":238,"column":15}},"98":{"start":{"line":240,"column":12},"end":{"line":240,"column":58}},"99":{"start":{"line":241,"column":12},"end":{"line":241,"column":96}},"100":{"start":{"line":246,"column":18},"end":{"line":273,"column":5}},"101":{"start":{"line":247,"column":8},"end":{"line":272,"column":9}},"102":{"start":{"line":248,"column":134},"end":{"line":248,"column":142}},"103":{"start":{"line":250,"column":12},"end":{"line":252,"column":13}},"104":{"start":{"line":251,"column":16},"end":{"line":251,"column":85}},"105":{"start":{"line":254,"column":26},"end":{"line":266,"column":14}},"106":{"start":{"line":268,"column":12},"end":{"line":268,"column":40}},"107":{"start":{"line":270,"column":12},"end":{"line":270,"column":58}},"108":{"start":{"line":271,"column":12},"end":{"line":271,"column":93}},"109":{"start":{"line":276,"column":18},"end":{"line":301,"column":5}},"110":{"start":{"line":277,"column":8},"end":{"line":300,"column":9}},"111":{"start":{"line":278,"column":27},"end":{"line":278,"column":37}},"112":{"start":{"line":279,"column":134},"end":{"line":279,"column":142}},"113":{"start":{"line":281,"column":26},"end":{"line":294,"column":14}},"114":{"start":{"line":296,"column":12},"end":{"line":296,"column":28}},"115":{"start":{"line":298,"column":12},"end":{"line":298,"column":58}},"116":{"start":{"line":299,"column":12},"end":{"line":299,"column":98}},"117":{"start":{"line":304,"column":18},"end":{"line":318,"column":5}},"118":{"start":{"line":305,"column":8},"end":{"line":317,"column":9}},"119":{"start":{"line":306,"column":27},"end":{"line":306,"column":37}},"120":{"start":{"line":308,"column":12},"end":{"line":311,"column":15}},"121":{"start":{"line":313,"column":12},"end":{"line":313,"column":68}},"122":{"start":{"line":315,"column":12},"end":{"line":315,"column":58}},"123":{"start":{"line":316,"column":12},"end":{"line":316,"column":96}},"124":{"start":{"line":6,"column":0},"end":{"line":6,"column":13}}},"fnMap":{"0":{"name":"(anonymous_0)","decl":{"start":{"line":8,"column":16},"end":{"line":8,"column":21}},"loc":{"start":{"line":8,"column":54},"end":{"line":243,"column":5}}},"1":{"name":"(anonymous_1)","decl":{"start":{"line":51,"column":52},"end":{"line":51,"column":53}},"loc":{"start":{"line":51,"column":57},"end":{"line":51,"column":65}}},"2":{"name":"(anonymous_2)","decl":{"start":{"line":53,"column":46},"end":{"line":53,"column":47}},"loc":{"start":{"line":53,"column":51},"end":{"line":53,"column":88}}},"3":{"name":"(anonymous_3)","decl":{"start":{"line":54,"column":50},"end":{"line":54,"column":51}},"loc":{"start":{"line":54,"column":55},"end":{"line":54,"column":96}}},"4":{"name":"(anonymous_4)","decl":{"start":{"line":55,"column":46},"end":{"line":55,"column":47}},"loc":{"start":{"line":55,"column":51},"end":{"line":55,"column":89}}},"5":{"name":"(anonymous_5)","decl":{"start":{"line":86,"column":28},"end":{"line":86,"column":29}},"loc":{"start":{"line":86,"column":33},"end":{"line":86,"column":70}}},"6":{"name":"(anonymous_6)","decl":{"start":{"line":87,"column":25},"end":{"line":87,"column":26}},"loc":{"start":{"line":87,"column":30},"end":{"line":87,"column":48}}},"7":{"name":"(anonymous_7)","decl":{"start":{"line":103,"column":28},"end":{"line":103,"column":29}},"loc":{"start":{"line":103,"column":33},"end":{"line":103,"column":71}}},"8":{"name":"(anonymous_8)","decl":{"start":{"line":104,"column":25},"end":{"line":104,"column":26}},"loc":{"start":{"line":104,"column":30},"end":{"line":104,"column":48}}},"9":{"name":"(anonymous_9)","decl":{"start":{"line":138,"column":24},"end":{"line":138,"column":25}},"loc":{"start":{"line":138,"column":33},"end":{"line":161,"column":13}}},"10":{"name":"(anonymous_10)","decl":{"start":{"line":164,"column":48},"end":{"line":164,"column":53}},"loc":{"start":{"line":164,"column":56},"end":{"line":226,"column":13}}},"11":{"name":"(anonymous_11)","decl":{"start":{"line":246,"column":18},"end":{"line":246,"column":23}},"loc":{"start":{"line":246,"column":56},"end":{"line":273,"column":5}}},"12":{"name":"(anonymous_12)","decl":{"start":{"line":276,"column":18},"end":{"line":276,"column":23}},"loc":{"start":{"line":276,"column":56},"end":{"line":301,"column":5}}},"13":{"name":"(anonymous_13)","decl":{"start":{"line":304,"column":18},"end":{"line":304,"column":23}},"loc":{"start":{"line":304,"column":56},"end":{"line":318,"column":5}}}},"branchMap":{"0":{"loc":{"start":{"line":11,"column":12},"end":{"line":13,"column":13}},"type":"if","locations":[{"start":{"line":11,"column":12},"end":{"line":13,"column":13}},{"start":{},"end":{}}]},"1":{"loc":{"start":{"line":15,"column":25},"end":{"line":15,"column":64}},"type":"binary-expr","locations":[{"start":{"line":15,"column":25},"end":{"line":15,"column":59}},{"start":{"line":15,"column":63},"end":{"line":15,"column":64}}]},"2":{"loc":{"start":{"line":16,"column":26},"end":{"line":16,"column":67}},"type":"binary-expr","locations":[{"start":{"line":16,"column":26},"end":{"line":16,"column":61}},{"start":{"line":16,"column":65},"end":{"line":16,"column":67}}]},"3":{"loc":{"start":{"line":62,"column":12},"end":{"line":123,"column":13}},"type":"if","locations":[{"start":{"line":62,"column":12},"end":{"line":123,"column":13}},{"start":{"line":83,"column":19},"end":{"line":123,"column":13}}]},"4":{"loc":{"start":{"line":69,"column":16},"end":{"line":82,"column":17}},"type":"if","locations":[{"start":{"line":69,"column":16},"end":{"line":82,"column":17}},{"start":{"line":75,"column":23},"end":{"line":82,"column":17}}]},"5":{"loc":{"start":{"line":83,"column":19},"end":{"line":123,"column":13}},"type":"if","locations":[{"start":{"line":83,"column":19},"end":{"line":123,"column":13}},{"start":{"line":100,"column":19},"end":{"line":123,"column":13}}]},"6":{"loc":{"start":{"line":89,"column":16},"end":{"line":99,"column":17}},"type":"if","locations":[{"start":{"line":89,"column":16},"end":{"line":99,"column":17}},{"start":{"line":93,"column":23},"end":{"line":99,"column":17}}]},"7":{"loc":{"start":{"line":100,"column":19},"end":{"line":123,"column":13}},"type":"if","locations":[{"start":{"line":100,"column":19},"end":{"line":123,"column":13}},{"start":{"line":117,"column":19},"end":{"line":123,"column":13}}]},"8":{"loc":{"start":{"line":106,"column":16},"end":{"line":116,"column":17}},"type":"if","locations":[{"start":{"line":106,"column":16},"end":{"line":116,"column":17}},{"start":{"line":110,"column":23},"end":{"line":116,"column":17}}]},"9":{"loc":{"start":{"line":140,"column":34},"end":{"line":140,"column":65}},"type":"binary-expr","locations":[{"start":{"line":140,"column":34},"end":{"line":140,"column":60}},{"start":{"line":140,"column":64},"end":{"line":140,"column":65}}]},"10":{"loc":{"start":{"line":141,"column":34},"end":{"line":141,"column":65}},"type":"binary-expr","locations":[{"start":{"line":141,"column":34},"end":{"line":141,"column":60}},{"start":{"line":141,"column":64},"end":{"line":141,"column":65}}]},"11":{"loc":{"start":{"line":143,"column":16},"end":{"line":145,"column":17}},"type":"if","locations":[{"start":{"line":143,"column":16},"end":{"line":145,"column":17}},{"start":{},"end":{}}]},"12":{"loc":{"start":{"line":154,"column":16},"end":{"line":160,"column":17}},"type":"if","locations":[{"start":{"line":154,"column":16},"end":{"line":160,"column":17}},{"start":{"line":156,"column":23},"end":{"line":160,"column":17}}]},"13":{"loc":{"start":{"line":154,"column":20},"end":{"line":154,"column":62}},"type":"binary-expr","locations":[{"start":{"line":154,"column":20},"end":{"line":154,"column":39}},{"start":{"line":154,"column":43},"end":{"line":154,"column":62}}]},"14":{"loc":{"start":{"line":156,"column":23},"end":{"line":160,"column":17}},"type":"if","locations":[{"start":{"line":156,"column":23},"end":{"line":160,"column":17}},{"start":{"line":158,"column":23},"end":{"line":160,"column":17}}]},"15":{"loc":{"start":{"line":156,"column":27},"end":{"line":156,"column":67}},"type":"binary-expr","locations":[{"start":{"line":156,"column":27},"end":{"line":156,"column":45}},{"start":{"line":156,"column":49},"end":{"line":156,"column":67}}]},"16":{"loc":{"start":{"line":159,"column":27},"end":{"line":159,"column":55}},"type":"cond-expr","locations":[{"start":{"line":159,"column":49},"end":{"line":159,"column":51}},{"start":{"line":159,"column":54},"end":{"line":159,"column":55}}]},"17":{"loc":{"start":{"line":172,"column":16},"end":{"line":210,"column":17}},"type":"if","locations":[{"start":{"line":172,"column":16},"end":{"line":210,"column":17}},{"start":{"line":176,"column":23},"end":{"line":210,"column":17}}]},"18":{"loc":{"start":{"line":176,"column":23},"end":{"line":210,"column":17}},"type":"if","locations":[{"start":{"line":176,"column":23},"end":{"line":210,"column":17}},{"start":{"line":187,"column":23},"end":{"line":210,"column":17}}]},"19":{"loc":{"start":{"line":177,"column":20},"end":{"line":186,"column":21}},"type":"if","locations":[{"start":{"line":177,"column":20},"end":{"line":186,"column":21}},{"start":{"line":180,"column":27},"end":{"line":186,"column":21}}]},"20":{"loc":{"start":{"line":180,"column":27},"end":{"line":186,"column":21}},"type":"if","locations":[{"start":{"line":180,"column":27},"end":{"line":186,"column":21}},{"start":{"line":183,"column":27},"end":{"line":186,"column":21}}]},"21":{"loc":{"start":{"line":187,"column":23},"end":{"line":210,"column":17}},"type":"if","locations":[{"start":{"line":187,"column":23},"end":{"line":210,"column":17}},{"start":{"line":198,"column":23},"end":{"line":210,"column":17}}]},"22":{"loc":{"start":{"line":188,"column":20},"end":{"line":197,"column":21}},"type":"if","locations":[{"start":{"line":188,"column":20},"end":{"line":197,"column":21}},{"start":{"line":191,"column":27},"end":{"line":197,"column":21}}]},"23":{"loc":{"start":{"line":191,"column":27},"end":{"line":197,"column":21}},"type":"if","locations":[{"start":{"line":191,"column":27},"end":{"line":197,"column":21}},{"start":{"line":194,"column":27},"end":{"line":197,"column":21}}]},"24":{"loc":{"start":{"line":200,"column":20},"end":{"line":209,"column":21}},"type":"if","locations":[{"start":{"line":200,"column":20},"end":{"line":209,"column":21}},{"start":{"line":203,"column":27},"end":{"line":209,"column":21}}]},"25":{"loc":{"start":{"line":203,"column":27},"end":{"line":209,"column":21}},"type":"if","locations":[{"start":{"line":203,"column":27},"end":{"line":209,"column":21}},{"start":{"line":206,"column":27},"end":{"line":209,"column":21}}]},"26":{"loc":{"start":{"line":250,"column":12},"end":{"line":252,"column":13}},"type":"if","locations":[{"start":{"line":250,"column":12},"end":{"line":252,"column":13}},{"start":{},"end":{}}]},"27":{"loc":{"start":{"line":250,"column":16},"end":{"line":250,"column":68}},"type":"binary-expr","locations":[{"start":{"line":250,"column":16},"end":{"line":250,"column":23}},{"start":{"line":250,"column":27},"end":{"line":250,"column":40}},{"start":{"line":250,"column":44},"end":{"line":250,"column":54}},{"start":{"line":250,"column":58},"end":{"line":250,"column":68}}]},"28":{"loc":{"start":{"line":257,"column":33},"end":{"line":257,"column":52}},"type":"binary-expr","locations":[{"start":{"line":257,"column":33},"end":{"line":257,"column":44}},{"start":{"line":257,"column":48},"end":{"line":257,"column":52}}]},"29":{"loc":{"start":{"line":260,"column":33},"end":{"line":260,"column":52}},"type":"binary-expr","locations":[{"start":{"line":260,"column":33},"end":{"line":260,"column":44}},{"start":{"line":260,"column":48},"end":{"line":260,"column":52}}]},"30":{"loc":{"start":{"line":261,"column":30},"end":{"line":261,"column":46}},"type":"binary-expr","locations":[{"start":{"line":261,"column":30},"end":{"line":261,"column":38}},{"start":{"line":261,"column":42},"end":{"line":261,"column":46}}]},"31":{"loc":{"start":{"line":263,"column":33},"end":{"line":263,"column":53}},"type":"binary-expr","locations":[{"start":{"line":263,"column":33},"end":{"line":263,"column":44}},{"start":{"line":263,"column":48},"end":{"line":263,"column":53}}]},"32":{"loc":{"start":{"line":264,"column":38},"end":{"line":264,"column":62}},"type":"binary-expr","locations":[{"start":{"line":264,"column":38},"end":{"line":264,"column":54}},{"start":{"line":264,"column":58},"end":{"line":264,"column":62}}]},"33":{"loc":{"start":{"line":284,"column":24},"end":{"line":284,"column":44}},"type":"binary-expr","locations":[{"start":{"line":284,"column":24},"end":{"line":284,"column":30}},{"start":{"line":284,"column":34},"end":{"line":284,"column":44}}]},"34":{"loc":{"start":{"line":285,"column":24},"end":{"line":285,"column":68}},"type":"binary-expr","locations":[{"start":{"line":285,"column":24},"end":{"line":285,"column":49}},{"start":{"line":285,"column":53},"end":{"line":285,"column":68}}]},"35":{"loc":{"start":{"line":286,"column":24},"end":{"line":286,"column":80}},"type":"binary-expr","locations":[{"start":{"line":286,"column":24},"end":{"line":286,"column":36}},{"start":{"line":286,"column":40},"end":{"line":286,"column":80}}]},"36":{"loc":{"start":{"line":287,"column":24},"end":{"line":287,"column":71}},"type":"binary-expr","locations":[{"start":{"line":287,"column":24},"end":{"line":287,"column":33}},{"start":{"line":287,"column":37},"end":{"line":287,"column":71}}]},"37":{"loc":{"start":{"line":288,"column":24},"end":{"line":288,"column":68}},"type":"binary-expr","locations":[{"start":{"line":288,"column":24},"end":{"line":288,"column":49}},{"start":{"line":288,"column":53},"end":{"line":288,"column":68}}]},"38":{"loc":{"start":{"line":289,"column":24},"end":{"line":289,"column":62}},"type":"binary-expr","locations":[{"start":{"line":289,"column":24},"end":{"line":289,"column":46}},{"start":{"line":289,"column":50},"end":{"line":289,"column":62}}]},"39":{"loc":{"start":{"line":290,"column":24},"end":{"line":290,"column":75}},"type":"binary-expr","locations":[{"start":{"line":290,"column":24},"end":{"line":290,"column":33}},{"start":{"line":290,"column":37},"end":{"line":290,"column":75}}]},"40":{"loc":{"start":{"line":291,"column":24},"end":{"line":291,"column":68}},"type":"binary-expr","locations":[{"start":{"line":291,"column":24},"end":{"line":291,"column":49}},{"start":{"line":291,"column":53},"end":{"line":291,"column":68}}]},"41":{"loc":{"start":{"line":292,"column":24},"end":{"line":292,"column":104}},"type":"binary-expr","locations":[{"start":{"line":292,"column":24},"end":{"line":292,"column":54}},{"start":{"line":292,"column":58},"end":{"line":292,"column":104}}]},"42":{"loc":{"start":{"line":292,"column":78},"end":{"line":292,"column":102}},"type":"binary-expr","locations":[{"start":{"line":292,"column":78},"end":{"line":292,"column":94}},{"start":{"line":292,"column":98},"end":{"line":292,"column":102}}]}},"s":{"0":1,"1":1,"2":1,"3":4,"4":4,"5":4,"6":1,"7":3,"8":3,"9":3,"10":3,"11":2,"12":2,"13":2,"14":2,"15":0,"16":2,"17":1,"18":2,"19":1,"20":2,"21":1,"22":2,"23":2,"24":0,"25":0,"26":0,"27":0,"28":2,"29":1,"30":1,"31":1,"32":1,"33":1,"34":0,"35":1,"36":0,"37":0,"38":0,"39":0,"40":0,"41":0,"42":1,"43":2,"44":2,"45":2,"46":2,"47":0,"48":0,"49":0,"50":0,"51":0,"52":0,"53":0,"54":0,"55":0,"56":0,"57":0,"58":0,"59":0,"60":0,"61":2,"62":1,"63":1,"64":1,"65":1,"66":1,"67":1,"68":0,"69":0,"70":1,"71":1,"72":0,"73":0,"74":1,"75":0,"76":0,"77":1,"78":1,"79":0,"80":0,"81":0,"82":0,"83":0,"84":0,"85":0,"86":0,"87":0,"88":0,"89":0,"90":0,"91":0,"92":0,"93":0,"94":0,"95":0,"96":1,"97":2,"98":1,"99":1,"100":1,"101":2,"102":2,"103":2,"104":1,"105":1,"106":1,"107":0,"108":0,"109":1,"110":1,"111":1,"112":1,"113":1,"114":1,"115":0,"116":0,"117":1,"118":2,"119":2,"120":2,"121":1,"122":1,"123":1,"124":1},"f":{"0":4,"1":0,"2":1,"3":1,"4":1,"5":1,"6":1,"7":0,"8":0,"9":0,"10":1,"11":2,"12":1,"13":2},"b":{"0":[1,3],"1":[3,2],"2":[3,2],"3":[0,2],"4":[0,0],"5":[1,1],"6":[1,0],"7":[0,1],"8":[0,0],"9":[0,0],"10":[0,0],"11":[0,0],"12":[0,0],"13":[0,0],"14":[0,0],"15":[0,0],"16":[0,0],"17":[0,1],"18":[1,0],"19":[0,1],"20":[0,1],"21":[0,0],"22":[0,0],"23":[0,0],"24":[0,0],"25":[0,0],"26":[1,1],"27":[2,2,1,1],"28":[1,1],"29":[1,1],"30":[1,1],"31":[1,1],"32":[1,1],"33":[1,0],"34":[1,0],"35":[1,0],"36":[1,0],"37":[1,0],"38":[1,0],"39":[1,1],"40":[1,0],"41":[1,0],"42":[0,0]}}
,"/home/jdavidleonch/develop/university/proyecto-grado-unimayor/backend/src/messaging/messaging.controller.ts": {"path":"/home/jdavidleonch/develop/university/proyecto-grado-unimayor/backend/src/messaging/messaging.controller.ts","statementMap":{"0":{"start":{"line":2,"column":0},"end":{"line":2,"column":46}},"1":{"start":{"line":3,"column":0},"end":{"line":3,"column":51}},"2":{"start":{"line":5,"column":15},"end":{"line":5,"column":33}},"3":{"start":{"line":6,"column":23},"end":{"line":6,"column":43}},"4":{"start":{"line":14,"column":4},"end":{"line":97,"column":5}},"5":{"start":{"line":15,"column":22},"end":{"line":15,"column":38}},"6":{"start":{"line":17,"column":6},"end":{"line":20,"column":7}},"7":{"start":{"line":18,"column":8},"end":{"line":18,"column":57}},"8":{"start":{"line":19,"column":8},"end":{"line":19,"column":15}},"9":{"start":{"line":22,"column":52},"end":{"line":22,"column":60}},"10":{"start":{"line":24,"column":6},"end":{"line":29,"column":7}},"11":{"start":{"line":25,"column":8},"end":{"line":27,"column":68}},"12":{"start":{"line":28,"column":8},"end":{"line":28,"column":15}},"13":{"start":{"line":32,"column":21},"end":{"line":38,"column":8}},"14":{"start":{"line":41,"column":6},"end":{"line":88,"column":7}},"15":{"start":{"line":43,"column":27},"end":{"line":45,"column":10}},"16":{"start":{"line":47,"column":8},"end":{"line":50,"column":9}},"17":{"start":{"line":48,"column":10},"end":{"line":48,"column":72}},"18":{"start":{"line":49,"column":10},"end":{"line":49,"column":17}},"19":{"start":{"line":53,"column":8},"end":{"line":59,"column":11}},"20":{"start":{"line":62,"column":8},"end":{"line":68,"column":11}},"21":{"start":{"line":70,"column":8},"end":{"line":72,"column":10}},"22":{"start":{"line":75,"column":31},"end":{"line":84,"column":10}},"23":{"start":{"line":85,"column":8},"end":{"line":87,"column":68}},"24":{"start":{"line":87,"column":24},"end":{"line":87,"column":66}},"25":{"start":{"line":90,"column":6},"end":{"line":93,"column":9}},"26":{"start":{"line":95,"column":6},"end":{"line":95,"column":51}},"27":{"start":{"line":96,"column":6},"end":{"line":96,"column":78}},"28":{"start":{"line":106,"column":4},"end":{"line":176,"column":5}},"29":{"start":{"line":108,"column":21},"end":{"line":108,"column":52}},"30":{"start":{"line":109,"column":6},"end":{"line":115,"column":7}},"31":{"start":{"line":113,"column":8},"end":{"line":113,"column":69}},"32":{"start":{"line":114,"column":8},"end":{"line":114,"column":15}},"33":{"start":{"line":117,"column":30},"end":{"line":117,"column":38}},"34":{"start":{"line":118,"column":6},"end":{"line":122,"column":7}},"35":{"start":{"line":120,"column":8},"end":{"line":120,"column":52}},"36":{"start":{"line":121,"column":8},"end":{"line":121,"column":15}},"37":{"start":{"line":124,"column":71},"end":{"line":124,"column":75}},"38":{"start":{"line":127,"column":31},"end":{"line":129,"column":8}},"39":{"start":{"line":132,"column":6},"end":{"line":134,"column":7}},"40":{"start":{"line":133,"column":8},"end":{"line":133,"column":46}},"41":{"start":{"line":137,"column":6},"end":{"line":143,"column":7}},"42":{"start":{"line":146,"column":25},"end":{"line":149,"column":8}},"43":{"start":{"line":152,"column":25},"end":{"line":156,"column":9}},"44":{"start":{"line":152,"column":51},"end":{"line":156,"column":8}},"45":{"start":{"line":158,"column":6},"end":{"line":166,"column":7}},"46":{"start":{"line":159,"column":8},"end":{"line":162,"column":11}},"47":{"start":{"line":163,"column":8},"end":{"line":165,"column":10}},"48":{"start":{"line":168,"column":6},"end":{"line":170,"column":70}},"49":{"start":{"line":172,"column":6},"end":{"line":172,"column":54}},"50":{"start":{"line":173,"column":6},"end":{"line":175,"column":68}},"51":{"start":{"line":183,"column":4},"end":{"line":215,"column":5}},"52":{"start":{"line":184,"column":20},"end":{"line":184,"column":36}},"53":{"start":{"line":185,"column":6},"end":{"line":188,"column":7}},"54":{"start":{"line":186,"column":8},"end":{"line":186,"column":57}},"55":{"start":{"line":187,"column":8},"end":{"line":187,"column":15}},"56":{"start":{"line":190,"column":23},"end":{"line":209,"column":8}},"57":{"start":{"line":211,"column":6},"end":{"line":211,"column":25}},"58":{"start":{"line":213,"column":6},"end":{"line":213,"column":48}},"59":{"start":{"line":214,"column":6},"end":{"line":214,"column":62}},"60":{"start":{"line":228,"column":4},"end":{"line":349,"column":5}},"61":{"start":{"line":229,"column":20},"end":{"line":229,"column":36}},"62":{"start":{"line":230,"column":6},"end":{"line":233,"column":7}},"63":{"start":{"line":231,"column":8},"end":{"line":231,"column":57}},"64":{"start":{"line":232,"column":8},"end":{"line":232,"column":15}},"65":{"start":{"line":236,"column":29},"end":{"line":242,"column":8}},"66":{"start":{"line":245,"column":24},"end":{"line":245,"column":72}},"67":{"start":{"line":245,"column":50},"end":{"line":245,"column":71}},"68":{"start":{"line":246,"column":24},"end":{"line":246,"column":56}},"69":{"start":{"line":247,"column":25},"end":{"line":247,"column":55}},"70":{"start":{"line":248,"column":28},"end":{"line":248,"column":72}},"71":{"start":{"line":250,"column":27},"end":{"line":251,"column":null}},"72":{"start":{"line":251,"column":15},"end":{"line":251,"column":47}},"73":{"start":{"line":253,"column":25},"end":{"line":253,"column":42}},"74":{"start":{"line":256,"column":6},"end":{"line":270,"column":7}},"75":{"start":{"line":258,"column":8},"end":{"line":269,"column":9}},"76":{"start":{"line":259,"column":28},"end":{"line":267,"column":12}},"77":{"start":{"line":268,"column":10},"end":{"line":268,"column":65}},"78":{"start":{"line":268,"column":35},"end":{"line":268,"column":63}},"79":{"start":{"line":273,"column":6},"end":{"line":287,"column":7}},"80":{"start":{"line":275,"column":8},"end":{"line":286,"column":9}},"81":{"start":{"line":276,"column":27},"end":{"line":284,"column":12}},"82":{"start":{"line":285,"column":10},"end":{"line":285,"column":64}},"83":{"start":{"line":285,"column":34},"end":{"line":285,"column":62}},"84":{"start":{"line":290,"column":6},"end":{"line":311,"column":7}},"85":{"start":{"line":297,"column":30},"end":{"line":309,"column":10}},"86":{"start":{"line":310,"column":8},"end":{"line":310,"column":67}},"87":{"start":{"line":310,"column":37},"end":{"line":310,"column":65}},"88":{"start":{"line":314,"column":6},"end":{"line":325,"column":7}},"89":{"start":{"line":316,"column":30},"end":{"line":323,"column":10}},"90":{"start":{"line":324,"column":8},"end":{"line":324,"column":67}},"91":{"start":{"line":324,"column":37},"end":{"line":324,"column":65}},"92":{"start":{"line":328,"column":6},"end":{"line":328,"column":41}},"93":{"start":{"line":330,"column":6},"end":{"line":333,"column":7}},"94":{"start":{"line":331,"column":8},"end":{"line":331,"column":21}},"95":{"start":{"line":332,"column":8},"end":{"line":332,"column":15}},"96":{"start":{"line":335,"column":23},"end":{"line":343,"column":8}},"97":{"start":{"line":345,"column":6},"end":{"line":345,"column":25}},"98":{"start":{"line":347,"column":6},"end":{"line":347,"column":60}},"99":{"start":{"line":348,"column":6},"end":{"line":348,"column":54}},"100":{"start":{"line":356,"column":4},"end":{"line":410,"column":5}},"101":{"start":{"line":357,"column":20},"end":{"line":357,"column":36}},"102":{"start":{"line":358,"column":21},"end":{"line":358,"column":38}},"103":{"start":{"line":360,"column":6},"end":{"line":363,"column":7}},"104":{"start":{"line":361,"column":8},"end":{"line":361,"column":72}},"105":{"start":{"line":362,"column":8},"end":{"line":362,"column":15}},"106":{"start":{"line":367,"column":25},"end":{"line":394,"column":8}},"107":{"start":{"line":396,"column":6},"end":{"line":406,"column":8}},"108":{"start":{"line":397,"column":31},"end":{"line":405,"column":10}},"109":{"start":{"line":408,"column":6},"end":{"line":408,"column":55}},"110":{"start":{"line":409,"column":6},"end":{"line":409,"column":76}},"111":{"start":{"line":421,"column":4},"end":{"line":514,"column":5}},"112":{"start":{"line":422,"column":20},"end":{"line":422,"column":36}},"113":{"start":{"line":423,"column":6},"end":{"line":426,"column":7}},"114":{"start":{"line":424,"column":8},"end":{"line":424,"column":57}},"115":{"start":{"line":425,"column":8},"end":{"line":425,"column":15}},"116":{"start":{"line":429,"column":35},"end":{"line":458,"column":8}},"117":{"start":{"line":461,"column":30},"end":{"line":461,"column":52}},"118":{"start":{"line":463,"column":6},"end":{"line":508,"column":7}},"119":{"start":{"line":464,"column":25},"end":{"line":464,"column":64}},"120":{"start":{"line":465,"column":30},"end":{"line":465,"column":76}},"121":{"start":{"line":468,"column":8},"end":{"line":468,"column":56}},"122":{"start":{"line":468,"column":47},"end":{"line":468,"column":56}},"123":{"start":{"line":470,"column":8},"end":{"line":507,"column":9}},"124":{"start":{"line":473,"column":10},"end":{"line":486,"column":11}},"125":{"start":{"line":474,"column":12},"end":{"line":474,"column":43}},"126":{"start":{"line":477,"column":12},"end":{"line":485,"column":15}},"127":{"start":{"line":488,"column":10},"end":{"line":501,"column":13}},"128":{"start":{"line":504,"column":10},"end":{"line":506,"column":11}},"129":{"start":{"line":505,"column":12},"end":{"line":505,"column":65}},"130":{"start":{"line":510,"column":6},"end":{"line":510,"column":53}},"131":{"start":{"line":512,"column":6},"end":{"line":512,"column":62}},"132":{"start":{"line":513,"column":6},"end":{"line":513,"column":70}},"133":{"start":{"line":522,"column":4},"end":{"line":543,"column":5}},"134":{"start":{"line":523,"column":20},"end":{"line":523,"column":36}},"135":{"start":{"line":524,"column":6},"end":{"line":527,"column":7}},"136":{"start":{"line":525,"column":8},"end":{"line":525,"column":57}},"137":{"start":{"line":526,"column":8},"end":{"line":526,"column":15}},"138":{"start":{"line":529,"column":20},"end":{"line":537,"column":8}},"139":{"start":{"line":539,"column":6},"end":{"line":539,"column":39}},"140":{"start":{"line":541,"column":6},"end":{"line":541,"column":54}},"141":{"start":{"line":542,"column":6},"end":{"line":542,"column":54}},"142":{"start":{"line":554,"column":4},"end":{"line":582,"column":5}},"143":{"start":{"line":555,"column":20},"end":{"line":555,"column":36}},"144":{"start":{"line":556,"column":21},"end":{"line":556,"column":38}},"145":{"start":{"line":558,"column":6},"end":{"line":561,"column":7}},"146":{"start":{"line":559,"column":8},"end":{"line":559,"column":61}},"147":{"start":{"line":560,"column":8},"end":{"line":560,"column":15}},"148":{"start":{"line":564,"column":21},"end":{"line":576,"column":8}},"149":{"start":{"line":578,"column":6},"end":{"line":578,"column":45}},"150":{"start":{"line":580,"column":6},"end":{"line":580,"column":60}},"151":{"start":{"line":581,"column":6},"end":{"line":581,"column":54}},"152":{"start":{"line":8,"column":0},"end":{"line":8,"column":13}}},"fnMap":{"0":{"name":"(anonymous_0)","decl":{"start":{"line":13,"column":9},"end":{"line":13,"column":14}},"loc":{"start":{"line":13,"column":54},"end":{"line":98,"column":3}}},"1":{"name":"(anonymous_1)","decl":{"start":{"line":87,"column":17},"end":{"line":87,"column":18}},"loc":{"start":{"line":87,"column":24},"end":{"line":87,"column":66}}},"2":{"name":"(anonymous_2)","decl":{"start":{"line":105,"column":9},"end":{"line":105,"column":14}},"loc":{"start":{"line":105,"column":57},"end":{"line":177,"column":3}}},"3":{"name":"(anonymous_3)","decl":{"start":{"line":152,"column":40},"end":{"line":152,"column":41}},"loc":{"start":{"line":152,"column":51},"end":{"line":156,"column":8}}},"4":{"name":"(anonymous_4)","decl":{"start":{"line":182,"column":9},"end":{"line":182,"column":14}},"loc":{"start":{"line":182,"column":51},"end":{"line":216,"column":3}}},"5":{"name":"(anonymous_5)","decl":{"start":{"line":224,"column":9},"end":{"line":224,"column":14}},"loc":{"start":{"line":226,"column":17},"end":{"line":350,"column":3}}},"6":{"name":"(anonymous_6)","decl":{"start":{"line":245,"column":43},"end":{"line":245,"column":44}},"loc":{"start":{"line":245,"column":50},"end":{"line":245,"column":71}}},"7":{"name":"(anonymous_7)","decl":{"start":{"line":251,"column":8},"end":{"line":251,"column":9}},"loc":{"start":{"line":251,"column":15},"end":{"line":251,"column":47}}},"8":{"name":"(anonymous_8)","decl":{"start":{"line":268,"column":28},"end":{"line":268,"column":29}},"loc":{"start":{"line":268,"column":35},"end":{"line":268,"column":63}}},"9":{"name":"(anonymous_9)","decl":{"start":{"line":285,"column":27},"end":{"line":285,"column":28}},"loc":{"start":{"line":285,"column":34},"end":{"line":285,"column":62}}},"10":{"name":"(anonymous_10)","decl":{"start":{"line":310,"column":30},"end":{"line":310,"column":31}},"loc":{"start":{"line":310,"column":37},"end":{"line":310,"column":65}}},"11":{"name":"(anonymous_11)","decl":{"start":{"line":324,"column":30},"end":{"line":324,"column":31}},"loc":{"start":{"line":324,"column":37},"end":{"line":324,"column":65}}},"12":{"name":"(anonymous_12)","decl":{"start":{"line":355,"column":9},"end":{"line":355,"column":14}},"loc":{"start":{"line":355,"column":58},"end":{"line":411,"column":3}}},"13":{"name":"(anonymous_13)","decl":{"start":{"line":397,"column":23},"end":{"line":397,"column":24}},"loc":{"start":{"line":397,"column":31},"end":{"line":405,"column":10}}},"14":{"name":"(anonymous_14)","decl":{"start":{"line":417,"column":9},"end":{"line":417,"column":14}},"loc":{"start":{"line":419,"column":17},"end":{"line":515,"column":3}}},"15":{"name":"(anonymous_15)","decl":{"start":{"line":521,"column":9},"end":{"line":521,"column":14}},"loc":{"start":{"line":521,"column":57},"end":{"line":544,"column":3}}},"16":{"name":"(anonymous_16)","decl":{"start":{"line":550,"column":9},"end":{"line":550,"column":14}},"loc":{"start":{"line":552,"column":17},"end":{"line":583,"column":3}}}},"branchMap":{"0":{"loc":{"start":{"line":17,"column":6},"end":{"line":20,"column":7}},"type":"if","locations":[{"start":{"line":17,"column":6},"end":{"line":20,"column":7}},{"start":{},"end":{}}]},"1":{"loc":{"start":{"line":24,"column":6},"end":{"line":29,"column":7}},"type":"if","locations":[{"start":{"line":24,"column":6},"end":{"line":29,"column":7}},{"start":{},"end":{}}]},"2":{"loc":{"start":{"line":36,"column":22},"end":{"line":36,"column":40}},"type":"binary-expr","locations":[{"start":{"line":36,"column":22},"end":{"line":36,"column":32}},{"start":{"line":36,"column":36},"end":{"line":36,"column":40}}]},"3":{"loc":{"start":{"line":41,"column":6},"end":{"line":88,"column":7}},"type":"if","locations":[{"start":{"line":41,"column":6},"end":{"line":88,"column":7}},{"start":{"line":73,"column":13},"end":{"line":88,"column":7}}]},"4":{"loc":{"start":{"line":47,"column":8},"end":{"line":50,"column":9}},"type":"if","locations":[{"start":{"line":47,"column":8},"end":{"line":50,"column":9}},{"start":{},"end":{}}]},"5":{"loc":{"start":{"line":109,"column":6},"end":{"line":115,"column":7}},"type":"if","locations":[{"start":{"line":109,"column":6},"end":{"line":115,"column":7}},{"start":{},"end":{}}]},"6":{"loc":{"start":{"line":110,"column":8},"end":{"line":111,"column":36}},"type":"binary-expr","locations":[{"start":{"line":110,"column":8},"end":{"line":110,"column":45}},{"start":{"line":111,"column":8},"end":{"line":111,"column":36}}]},"7":{"loc":{"start":{"line":118,"column":6},"end":{"line":122,"column":7}},"type":"if","locations":[{"start":{"line":118,"column":6},"end":{"line":122,"column":7}},{"start":{},"end":{}}]},"8":{"loc":{"start":{"line":118,"column":10},"end":{"line":118,"column":46}},"type":"binary-expr","locations":[{"start":{"line":118,"column":10},"end":{"line":118,"column":37}},{"start":{"line":118,"column":41},"end":{"line":118,"column":46}}]},"9":{"loc":{"start":{"line":132,"column":6},"end":{"line":134,"column":7}},"type":"if","locations":[{"start":{"line":132,"column":6},"end":{"line":134,"column":7}},{"start":{},"end":{}}]},"10":{"loc":{"start":{"line":137,"column":6},"end":{"line":143,"column":7}},"type":"if","locations":[{"start":{"line":137,"column":6},"end":{"line":143,"column":7}},{"start":{},"end":{}}]},"11":{"loc":{"start":{"line":158,"column":6},"end":{"line":166,"column":7}},"type":"if","locations":[{"start":{"line":158,"column":6},"end":{"line":166,"column":7}},{"start":{},"end":{}}]},"12":{"loc":{"start":{"line":185,"column":6},"end":{"line":188,"column":7}},"type":"if","locations":[{"start":{"line":185,"column":6},"end":{"line":188,"column":7}},{"start":{},"end":{}}]},"13":{"loc":{"start":{"line":230,"column":6},"end":{"line":233,"column":7}},"type":"if","locations":[{"start":{"line":230,"column":6},"end":{"line":233,"column":7}},{"start":{},"end":{}}]},"14":{"loc":{"start":{"line":256,"column":6},"end":{"line":270,"column":7}},"type":"if","locations":[{"start":{"line":256,"column":6},"end":{"line":270,"column":7}},{"start":{},"end":{}}]},"15":{"loc":{"start":{"line":258,"column":8},"end":{"line":269,"column":9}},"type":"if","locations":[{"start":{"line":258,"column":8},"end":{"line":269,"column":9}},{"start":{},"end":{}}]},"16":{"loc":{"start":{"line":273,"column":6},"end":{"line":287,"column":7}},"type":"if","locations":[{"start":{"line":273,"column":6},"end":{"line":287,"column":7}},{"start":{},"end":{}}]},"17":{"loc":{"start":{"line":275,"column":8},"end":{"line":286,"column":9}},"type":"if","locations":[{"start":{"line":275,"column":8},"end":{"line":286,"column":9}},{"start":{},"end":{}}]},"18":{"loc":{"start":{"line":290,"column":6},"end":{"line":311,"column":7}},"type":"if","locations":[{"start":{"line":290,"column":6},"end":{"line":311,"column":7}},{"start":{},"end":{}}]},"19":{"loc":{"start":{"line":291,"column":8},"end":{"line":294,"column":24}},"type":"binary-expr","locations":[{"start":{"line":291,"column":9},"end":{"line":291,"column":18}},{"start":{"line":292,"column":10},"end":{"line":292,"column":20}},{"start":{"line":293,"column":11},"end":{"line":293,"column":25}},{"start":{"line":293,"column":29},"end":{"line":293,"column":56}},{"start":{"line":294,"column":8},"end":{"line":294,"column":24}}]},"20":{"loc":{"start":{"line":314,"column":6},"end":{"line":325,"column":7}},"type":"if","locations":[{"start":{"line":314,"column":6},"end":{"line":325,"column":7}},{"start":{},"end":{}}]},"21":{"loc":{"start":{"line":314,"column":10},"end":{"line":314,"column":43}},"type":"binary-expr","locations":[{"start":{"line":314,"column":10},"end":{"line":314,"column":23}},{"start":{"line":314,"column":27},"end":{"line":314,"column":43}}]},"22":{"loc":{"start":{"line":330,"column":6},"end":{"line":333,"column":7}},"type":"if","locations":[{"start":{"line":330,"column":6},"end":{"line":333,"column":7}},{"start":{},"end":{}}]},"23":{"loc":{"start":{"line":360,"column":6},"end":{"line":363,"column":7}},"type":"if","locations":[{"start":{"line":360,"column":6},"end":{"line":363,"column":7}},{"start":{},"end":{}}]},"24":{"loc":{"start":{"line":360,"column":10},"end":{"line":360,"column":26}},"type":"binary-expr","locations":[{"start":{"line":360,"column":10},"end":{"line":360,"column":15}},{"start":{"line":360,"column":19},"end":{"line":360,"column":26}}]},"25":{"loc":{"start":{"line":423,"column":6},"end":{"line":426,"column":7}},"type":"if","locations":[{"start":{"line":423,"column":6},"end":{"line":426,"column":7}},{"start":{},"end":{}}]},"26":{"loc":{"start":{"line":465,"column":30},"end":{"line":465,"column":76}},"type":"cond-expr","locations":[{"start":{"line":465,"column":41},"end":{"line":465,"column":54}},{"start":{"line":465,"column":57},"end":{"line":465,"column":76}}]},"27":{"loc":{"start":{"line":468,"column":8},"end":{"line":468,"column":56}},"type":"if","locations":[{"start":{"line":468,"column":8},"end":{"line":468,"column":56}},{"start":{},"end":{}}]},"28":{"loc":{"start":{"line":470,"column":8},"end":{"line":507,"column":9}},"type":"if","locations":[{"start":{"line":470,"column":8},"end":{"line":507,"column":9}},{"start":{"line":502,"column":15},"end":{"line":507,"column":9}}]},"29":{"loc":{"start":{"line":473,"column":10},"end":{"line":486,"column":11}},"type":"if","locations":[{"start":{"line":473,"column":10},"end":{"line":486,"column":11}},{"start":{"line":475,"column":17},"end":{"line":486,"column":11}}]},"30":{"loc":{"start":{"line":490,"column":22},"end":{"line":492,"column":29}},"type":"cond-expr","locations":[{"start":{"line":491,"column":16},"end":{"line":491,"column":65}},{"start":{"line":492,"column":16},"end":{"line":492,"column":29}}]},"31":{"loc":{"start":{"line":493,"column":23},"end":{"line":493,"column":60}},"type":"binary-expr","locations":[{"start":{"line":493,"column":23},"end":{"line":493,"column":54}},{"start":{"line":493,"column":58},"end":{"line":493,"column":60}}]},"32":{"loc":{"start":{"line":494,"column":26},"end":{"line":496,"column":20}},"type":"cond-expr","locations":[{"start":{"line":495,"column":16},"end":{"line":495,"column":84}},{"start":{"line":496,"column":16},"end":{"line":496,"column":20}}]},"33":{"loc":{"start":{"line":500,"column":25},"end":{"line":500,"column":68}},"type":"cond-expr","locations":[{"start":{"line":500,"column":63},"end":{"line":500,"column":64}},{"start":{"line":500,"column":67},"end":{"line":500,"column":68}}]},"34":{"loc":{"start":{"line":500,"column":25},"end":{"line":500,"column":60}},"type":"binary-expr","locations":[{"start":{"line":500,"column":25},"end":{"line":500,"column":34}},{"start":{"line":500,"column":38},"end":{"line":500,"column":60}}]},"35":{"loc":{"start":{"line":504,"column":10},"end":{"line":506,"column":11}},"type":"if","locations":[{"start":{"line":504,"column":10},"end":{"line":506,"column":11}},{"start":{},"end":{}}]},"36":{"loc":{"start":{"line":504,"column":14},"end":{"line":504,"column":49}},"type":"binary-expr","locations":[{"start":{"line":504,"column":14},"end":{"line":504,"column":23}},{"start":{"line":504,"column":27},"end":{"line":504,"column":49}}]},"37":{"loc":{"start":{"line":524,"column":6},"end":{"line":527,"column":7}},"type":"if","locations":[{"start":{"line":524,"column":6},"end":{"line":527,"column":7}},{"start":{},"end":{}}]},"38":{"loc":{"start":{"line":558,"column":6},"end":{"line":561,"column":7}},"type":"if","locations":[{"start":{"line":558,"column":6},"end":{"line":561,"column":7}},{"start":{},"end":{}}]},"39":{"loc":{"start":{"line":558,"column":10},"end":{"line":558,"column":26}},"type":"binary-expr","locations":[{"start":{"line":558,"column":10},"end":{"line":558,"column":15}},{"start":{"line":558,"column":19},"end":{"line":558,"column":26}}]}},"s":{"0":1,"1":1,"2":1,"3":1,"4":4,"5":4,"6":4,"7":0,"8":0,"9":4,"10":4,"11":1,"12":1,"13":3,"14":2,"15":2,"16":2,"17":1,"18":1,"19":1,"20":1,"21":1,"22":0,"23":0,"24":0,"25":1,"26":1,"27":1,"28":0,"29":0,"30":0,"31":0,"32":0,"33":0,"34":0,"35":0,"36":0,"37":0,"38":0,"39":0,"40":0,"41":0,"42":0,"43":0,"44":0,"45":0,"46":0,"47":0,"48":0,"49":0,"50":0,"51":0,"52":0,"53":0,"54":0,"55":0,"56":0,"57":0,"58":0,"59":0,"60":0,"61":0,"62":0,"63":0,"64":0,"65":0,"66":0,"67":0,"68":0,"69":0,"70":0,"71":0,"72":0,"73":0,"74":0,"75":0,"76":0,"77":0,"78":0,"79":0,"80":0,"81":0,"82":0,"83":0,"84":0,"85":0,"86":0,"87":0,"88":0,"89":0,"90":0,"91":0,"92":0,"93":0,"94":0,"95":0,"96":0,"97":0,"98":0,"99":0,"100":0,"101":0,"102":0,"103":0,"104":0,"105":0,"106":0,"107":0,"108":0,"109":0,"110":0,"111":0,"112":0,"113":0,"114":0,"115":0,"116":0,"117":0,"118":0,"119":0,"120":0,"121":0,"122":0,"123":0,"124":0,"125":0,"126":0,"127":0,"128":0,"129":0,"130":0,"131":0,"132":0,"133":2,"134":2,"135":2,"136":1,"137":1,"138":1,"139":1,"140":0,"141":0,"142":0,"143":0,"144":0,"145":0,"146":0,"147":0,"148":0,"149":0,"150":0,"151":0,"152":1},"f":{"0":4,"1":0,"2":0,"3":0,"4":0,"5":0,"6":0,"7":0,"8":0,"9":0,"10":0,"11":0,"12":0,"13":0,"14":0,"15":2,"16":0},"b":{"0":[0,4],"1":[1,3],"2":[3,3],"3":[2,0],"4":[1,1],"5":[0,0],"6":[0,0],"7":[0,0],"8":[0,0],"9":[0,0],"10":[0,0],"11":[0,0],"12":[0,0],"13":[0,0],"14":[0,0],"15":[0,0],"16":[0,0],"17":[0,0],"18":[0,0],"19":[0,0,0,0,0],"20":[0,0],"21":[0,0],"22":[0,0],"23":[0,0],"24":[0,0],"25":[0,0],"26":[0,0],"27":[0,0],"28":[0,0],"29":[0,0],"30":[0,0],"31":[0,0],"32":[0,0],"33":[0,0],"34":[0,0],"35":[0,0],"36":[0,0],"37":[1,1],"38":[0,0],"39":[0,0]}}
,"/home/jdavidleonch/develop/university/proyecto-grado-unimayor/backend/src/messaging/webhook.service.ts": {"path":"/home/jdavidleonch/develop/university/proyecto-grado-unimayor/backend/src/messaging/webhook.service.ts","statementMap":{"0":{"start":{"line":1,"column":0},"end":{"line":1,"column":46}},"1":{"start":{"line":3,"column":15},"end":{"line":3,"column":33}},"2":{"start":{"line":10,"column":8},"end":{"line":32,"column":9}},"3":{"start":{"line":12,"column":34},"end":{"line":14,"column":14}},"4":{"start":{"line":16,"column":12},"end":{"line":19,"column":13}},"5":{"start":{"line":17,"column":16},"end":{"line":17,"column":92}},"6":{"start":{"line":18,"column":16},"end":{"line":18,"column":23}},"7":{"start":{"line":21,"column":12},"end":{"line":21,"column":124}},"8":{"start":{"line":25,"column":12},"end":{"line":29,"column":13}},"9":{"start":{"line":26,"column":16},"end":{"line":28,"column":19}},"10":{"start":{"line":27,"column":20},"end":{"line":27,"column":109}},"11":{"start":{"line":31,"column":12},"end":{"line":31,"column":83}},"12":{"start":{"line":36,"column":48},"end":{"line":39,"column":10}},"13":{"start":{"line":41,"column":8},"end":{"line":44,"column":9}},"14":{"start":{"line":43,"column":12},"end":{"line":43,"column":49}},"15":{"start":{"line":46,"column":25},"end":{"line":52,"column":10}},"16":{"start":{"line":54,"column":8},"end":{"line":56,"column":9}},"17":{"start":{"line":55,"column":12},"end":{"line":55,"column":85}},"18":{"start":{"line":57,"column":8},"end":{"line":57,"column":73}},"19":{"start":{"line":5,"column":0},"end":{"line":5,"column":13}}},"fnMap":{"0":{"name":"(anonymous_0)","decl":{"start":{"line":9,"column":11},"end":{"line":9,"column":16}},"loc":{"start":{"line":9,"column":53},"end":{"line":33,"column":5}}},"1":{"name":"(anonymous_1)","decl":{"start":{"line":26,"column":69},"end":{"line":26,"column":72}},"loc":{"start":{"line":26,"column":75},"end":{"line":28,"column":17}}},"2":{"name":"(anonymous_2)","decl":{"start":{"line":35,"column":12},"end":{"line":35,"column":17}},"loc":{"start":{"line":35,"column":78},"end":{"line":58,"column":5}}}},"branchMap":{"0":{"loc":{"start":{"line":16,"column":12},"end":{"line":19,"column":13}},"type":"if","locations":[{"start":{"line":16,"column":12},"end":{"line":19,"column":13}},{"start":{},"end":{}}]},"1":{"loc":{"start":{"line":41,"column":8},"end":{"line":44,"column":9}},"type":"if","locations":[{"start":{"line":41,"column":8},"end":{"line":44,"column":9}},{"start":{},"end":{}}]},"2":{"loc":{"start":{"line":54,"column":8},"end":{"line":56,"column":9}},"type":"if","locations":[{"start":{"line":54,"column":8},"end":{"line":56,"column":9}},{"start":{},"end":{}}]}},"s":{"0":1,"1":1,"2":0,"3":0,"4":0,"5":0,"6":0,"7":0,"8":0,"9":0,"10":0,"11":0,"12":0,"13":0,"14":0,"15":0,"16":0,"17":0,"18":0,"19":1},"f":{"0":0,"1":0,"2":0},"b":{"0":[0,0],"1":[0,0],"2":[0,0]}}
,"/home/jdavidleonch/develop/university/proyecto-grado-unimayor/backend/src/person/person.controller.ts": {"path":"/home/jdavidleonch/develop/university/proyecto-grado-unimayor/backend/src/person/person.controller.ts","statementMap":{"0":{"start":{"line":2,"column":0},"end":{"line":2,"column":46}},"1":{"start":{"line":4,"column":15},"end":{"line":4,"column":33}},"2":{"start":{"line":8,"column":18},"end":{"line":216,"column":5}},"3":{"start":{"line":9,"column":8},"end":{"line":215,"column":9}},"4":{"start":{"line":10,"column":25},"end":{"line":10,"column":64}},"5":{"start":{"line":11,"column":26},"end":{"line":11,"column":67}},"6":{"start":{"line":12,"column":25},"end":{"line":12,"column":43}},"7":{"start":{"line":13,"column":28},"end":{"line":13,"column":61}},"8":{"start":{"line":14,"column":32},"end":{"line":14,"column":66}},"9":{"start":{"line":15,"column":35},"end":{"line":15,"column":72}},"10":{"start":{"line":16,"column":27},"end":{"line":16,"column":47}},"11":{"start":{"line":19,"column":33},"end":{"line":23,"column":14}},"12":{"start":{"line":24,"column":35},"end":{"line":24,"column":66}},"13":{"start":{"line":24,"column":57},"end":{"line":24,"column":65}},"14":{"start":{"line":27,"column":36},"end":{"line":29,"column":14}},"15":{"start":{"line":32,"column":47},"end":{"line":32,"column":51}},"16":{"start":{"line":33,"column":12},"end":{"line":60,"column":13}},"17":{"start":{"line":34,"column":36},"end":{"line":37,"column":18}},"18":{"start":{"line":38,"column":16},"end":{"line":59,"column":17}},"19":{"start":{"line":39,"column":20},"end":{"line":39,"column":60}},"20":{"start":{"line":42,"column":45},"end":{"line":48,"column":22}},"21":{"start":{"line":49,"column":20},"end":{"line":58,"column":21}},"22":{"start":{"line":51,"column":51},"end":{"line":54,"column":26}},"23":{"start":{"line":55,"column":24},"end":{"line":57,"column":25}},"24":{"start":{"line":56,"column":28},"end":{"line":56,"column":75}},"25":{"start":{"line":63,"column":29},"end":{"line":70,"column":14}},"26":{"start":{"line":73,"column":12},"end":{"line":77,"column":13}},"27":{"start":{"line":74,"column":16},"end":{"line":74,"column":50}},"28":{"start":{"line":75,"column":19},"end":{"line":77,"column":13}},"29":{"start":{"line":76,"column":16},"end":{"line":76,"column":50}},"30":{"start":{"line":80,"column":12},"end":{"line":87,"column":13}},"31":{"start":{"line":81,"column":16},"end":{"line":86,"column":18}},"32":{"start":{"line":90,"column":26},"end":{"line":90,"column":63}},"33":{"start":{"line":94,"column":12},"end":{"line":106,"column":13}},"34":{"start":{"line":95,"column":37},"end":{"line":97,"column":18}},"35":{"start":{"line":98,"column":16},"end":{"line":105,"column":17}},"36":{"start":{"line":99,"column":20},"end":{"line":104,"column":22}},"37":{"start":{"line":108,"column":29},"end":{"line":132,"column":14}},"38":{"start":{"line":135,"column":33},"end":{"line":137,"column":14}},"39":{"start":{"line":138,"column":31},"end":{"line":140,"column":14}},"40":{"start":{"line":141,"column":38},"end":{"line":143,"column":14}},"41":{"start":{"line":146,"column":38},"end":{"line":187,"column":14}},"42":{"start":{"line":148,"column":33},"end":{"line":151,"column":36}},"43":{"start":{"line":149,"column":33},"end":{"line":149,"column":54}},"44":{"start":{"line":150,"column":30},"end":{"line":150,"column":52}},"45":{"start":{"line":154,"column":36},"end":{"line":161,"column":null}},"46":{"start":{"line":155,"column":25},"end":{"line":160,"column":null}},"47":{"start":{"line":168,"column":16},"end":{"line":173,"column":17}},"48":{"start":{"line":169,"column":20},"end":{"line":169,"column":45}},"49":{"start":{"line":172,"column":20},"end":{"line":172,"column":45}},"50":{"start":{"line":175,"column":16},"end":{"line":186,"column":18}},"51":{"start":{"line":190,"column":35},"end":{"line":190,"column":52}},"52":{"start":{"line":191,"column":12},"end":{"line":195,"column":13}},"53":{"start":{"line":192,"column":16},"end":{"line":194,"column":18}},"54":{"start":{"line":193,"column":20},"end":{"line":193,"column":75}},"55":{"start":{"line":198,"column":34},"end":{"line":198,"column":88}},"56":{"start":{"line":199,"column":31},"end":{"line":199,"column":63}},"57":{"start":{"line":201,"column":12},"end":{"line":211,"column":15}},"58":{"start":{"line":213,"column":12},"end":{"line":213,"column":60}},"59":{"start":{"line":214,"column":12},"end":{"line":214,"column":99}},"60":{"start":{"line":219,"column":18},"end":{"line":377,"column":5}},"61":{"start":{"line":220,"column":8},"end":{"line":376,"column":9}},"62":{"start":{"line":221,"column":25},"end":{"line":221,"column":64}},"63":{"start":{"line":222,"column":26},"end":{"line":222,"column":67}},"64":{"start":{"line":223,"column":25},"end":{"line":223,"column":43}},"65":{"start":{"line":224,"column":28},"end":{"line":224,"column":61}},"66":{"start":{"line":225,"column":35},"end":{"line":225,"column":72}},"67":{"start":{"line":226,"column":35},"end":{"line":226,"column":72}},"68":{"start":{"line":227,"column":27},"end":{"line":227,"column":47}},"69":{"start":{"line":230,"column":32},"end":{"line":232,"column":14}},"70":{"start":{"line":234,"column":12},"end":{"line":236,"column":13}},"71":{"start":{"line":235,"column":16},"end":{"line":235,"column":92}},"72":{"start":{"line":239,"column":36},"end":{"line":241,"column":14}},"73":{"start":{"line":244,"column":47},"end":{"line":244,"column":51}},"74":{"start":{"line":245,"column":12},"end":{"line":272,"column":13}},"75":{"start":{"line":246,"column":36},"end":{"line":249,"column":18}},"76":{"start":{"line":250,"column":16},"end":{"line":271,"column":17}},"77":{"start":{"line":251,"column":20},"end":{"line":251,"column":60}},"78":{"start":{"line":254,"column":45},"end":{"line":260,"column":22}},"79":{"start":{"line":261,"column":20},"end":{"line":270,"column":21}},"80":{"start":{"line":263,"column":51},"end":{"line":266,"column":26}},"81":{"start":{"line":267,"column":24},"end":{"line":269,"column":25}},"82":{"start":{"line":268,"column":28},"end":{"line":268,"column":75}},"83":{"start":{"line":275,"column":29},"end":{"line":282,"column":14}},"84":{"start":{"line":285,"column":12},"end":{"line":292,"column":13}},"85":{"start":{"line":286,"column":16},"end":{"line":291,"column":18}},"86":{"start":{"line":295,"column":12},"end":{"line":297,"column":13}},"87":{"start":{"line":296,"column":16},"end":{"line":296,"column":60}},"88":{"start":{"line":301,"column":12},"end":{"line":309,"column":13}},"89":{"start":{"line":302,"column":16},"end":{"line":304,"column":18}},"90":{"start":{"line":305,"column":19},"end":{"line":309,"column":13}},"91":{"start":{"line":306,"column":16},"end":{"line":308,"column":18}},"92":{"start":{"line":312,"column":26},"end":{"line":312,"column":63}},"93":{"start":{"line":315,"column":29},"end":{"line":344,"column":14}},"94":{"start":{"line":347,"column":38},"end":{"line":360,"column":14}},"95":{"start":{"line":348,"column":38},"end":{"line":348,"column":71}},"96":{"start":{"line":349,"column":16},"end":{"line":359,"column":18}},"97":{"start":{"line":362,"column":12},"end":{"line":372,"column":15}},"98":{"start":{"line":374,"column":12},"end":{"line":374,"column":60}},"99":{"start":{"line":375,"column":12},"end":{"line":375,"column":100}},"100":{"start":{"line":380,"column":20},"end":{"line":470,"column":5}},"101":{"start":{"line":381,"column":8},"end":{"line":469,"column":9}},"102":{"start":{"line":382,"column":27},"end":{"line":382,"column":37}},"103":{"start":{"line":384,"column":27},"end":{"line":424,"column":14}},"104":{"start":{"line":426,"column":12},"end":{"line":428,"column":13}},"105":{"start":{"line":427,"column":16},"end":{"line":427,"column":82}},"106":{"start":{"line":431,"column":27},"end":{"line":439,"column":14}},"107":{"start":{"line":442,"column":30},"end":{"line":442,"column":94}},"108":{"start":{"line":442,"column":55},"end":{"line":442,"column":93}},"109":{"start":{"line":443,"column":30},"end":{"line":444,"column":null}},"110":{"start":{"line":444,"column":16},"end":{"line":444,"column":88}},"111":{"start":{"line":448,"column":36},"end":{"line":450,"column":47}},"112":{"start":{"line":449,"column":29},"end":{"line":449,"column":86}},"113":{"start":{"line":450,"column":26},"end":{"line":450,"column":41}},"114":{"start":{"line":453,"column":36},"end":{"line":458,"column":47}},"115":{"start":{"line":455,"column":20},"end":{"line":456,"column":35}},"116":{"start":{"line":458,"column":26},"end":{"line":458,"column":41}},"117":{"start":{"line":460,"column":12},"end":{"line":465,"column":15}},"118":{"start":{"line":467,"column":12},"end":{"line":467,"column":58}},"119":{"start":{"line":468,"column":12},"end":{"line":468,"column":96}},"120":{"start":{"line":473,"column":20},"end":{"line":482,"column":5}},"121":{"start":{"line":474,"column":8},"end":{"line":481,"column":9}},"122":{"start":{"line":477,"column":12},"end":{"line":477,"column":94}},"123":{"start":{"line":479,"column":12},"end":{"line":479,"column":60}},"124":{"start":{"line":480,"column":12},"end":{"line":480,"column":95}},"125":{"start":{"line":485,"column":20},"end":{"line":494,"column":5}},"126":{"start":{"line":486,"column":8},"end":{"line":493,"column":9}},"127":{"start":{"line":489,"column":12},"end":{"line":489,"column":95}},"128":{"start":{"line":491,"column":12},"end":{"line":491,"column":60}},"129":{"start":{"line":492,"column":12},"end":{"line":492,"column":97}},"130":{"start":{"line":6,"column":0},"end":{"line":6,"column":13}}},"fnMap":{"0":{"name":"(anonymous_0)","decl":{"start":{"line":8,"column":18},"end":{"line":8,"column":23}},"loc":{"start":{"line":8,"column":56},"end":{"line":216,"column":5}}},"1":{"name":"(anonymous_1)","decl":{"start":{"line":24,"column":52},"end":{"line":24,"column":53}},"loc":{"start":{"line":24,"column":57},"end":{"line":24,"column":65}}},"2":{"name":"(anonymous_2)","decl":{"start":{"line":146,"column":51},"end":{"line":146,"column":58}},"loc":{"start":{"line":146,"column":61},"end":{"line":187,"column":13}}},"3":{"name":"(anonymous_3)","decl":{"start":{"line":149,"column":28},"end":{"line":149,"column":29}},"loc":{"start":{"line":149,"column":33},"end":{"line":149,"column":54}}},"4":{"name":"(anonymous_4)","decl":{"start":{"line":150,"column":25},"end":{"line":150,"column":26}},"loc":{"start":{"line":150,"column":30},"end":{"line":150,"column":52}}},"5":{"name":"(anonymous_5)","decl":{"start":{"line":155,"column":20},"end":{"line":155,"column":21}},"loc":{"start":{"line":155,"column":25},"end":{"line":160,"column":null}}},"6":{"name":"(anonymous_6)","decl":{"start":{"line":192,"column":60},"end":{"line":192,"column":61}},"loc":{"start":{"line":193,"column":20},"end":{"line":193,"column":75}}},"7":{"name":"(anonymous_7)","decl":{"start":{"line":219,"column":18},"end":{"line":219,"column":23}},"loc":{"start":{"line":219,"column":56},"end":{"line":377,"column":5}}},"8":{"name":"(anonymous_8)","decl":{"start":{"line":347,"column":51},"end":{"line":347,"column":58}},"loc":{"start":{"line":347,"column":61},"end":{"line":360,"column":13}}},"9":{"name":"(anonymous_9)","decl":{"start":{"line":380,"column":20},"end":{"line":380,"column":25}},"loc":{"start":{"line":380,"column":58},"end":{"line":470,"column":5}}},"10":{"name":"(anonymous_10)","decl":{"start":{"line":442,"column":50},"end":{"line":442,"column":51}},"loc":{"start":{"line":442,"column":55},"end":{"line":442,"column":93}}},"11":{"name":"(anonymous_11)","decl":{"start":{"line":443,"column":50},"end":{"line":443,"column":51}},"loc":{"start":{"line":444,"column":16},"end":{"line":444,"column":88}}},"12":{"name":"(anonymous_12)","decl":{"start":{"line":449,"column":24},"end":{"line":449,"column":25}},"loc":{"start":{"line":449,"column":29},"end":{"line":449,"column":86}}},"13":{"name":"(anonymous_13)","decl":{"start":{"line":450,"column":21},"end":{"line":450,"column":22}},"loc":{"start":{"line":450,"column":26},"end":{"line":450,"column":41}}},"14":{"name":"(anonymous_14)","decl":{"start":{"line":454,"column":24},"end":{"line":454,"column":25}},"loc":{"start":{"line":455,"column":20},"end":{"line":456,"column":35}}},"15":{"name":"(anonymous_15)","decl":{"start":{"line":458,"column":21},"end":{"line":458,"column":22}},"loc":{"start":{"line":458,"column":26},"end":{"line":458,"column":41}}},"16":{"name":"(anonymous_16)","decl":{"start":{"line":473,"column":20},"end":{"line":473,"column":25}},"loc":{"start":{"line":473,"column":58},"end":{"line":482,"column":5}}},"17":{"name":"(anonymous_17)","decl":{"start":{"line":485,"column":20},"end":{"line":485,"column":25}},"loc":{"start":{"line":485,"column":58},"end":{"line":494,"column":5}}}},"branchMap":{"0":{"loc":{"start":{"line":10,"column":25},"end":{"line":10,"column":64}},"type":"binary-expr","locations":[{"start":{"line":10,"column":25},"end":{"line":10,"column":59}},{"start":{"line":10,"column":63},"end":{"line":10,"column":64}}]},"1":{"loc":{"start":{"line":11,"column":26},"end":{"line":11,"column":67}},"type":"binary-expr","locations":[{"start":{"line":11,"column":26},"end":{"line":11,"column":61}},{"start":{"line":11,"column":65},"end":{"line":11,"column":67}}]},"2":{"loc":{"start":{"line":13,"column":28},"end":{"line":13,"column":61}},"type":"binary-expr","locations":[{"start":{"line":13,"column":28},"end":{"line":13,"column":55}},{"start":{"line":13,"column":59},"end":{"line":13,"column":61}}]},"3":{"loc":{"start":{"line":14,"column":32},"end":{"line":14,"column":66}},"type":"binary-expr","locations":[{"start":{"line":14,"column":32},"end":{"line":14,"column":57}},{"start":{"line":14,"column":61},"end":{"line":14,"column":66}}]},"4":{"loc":{"start":{"line":15,"column":35},"end":{"line":15,"column":72}},"type":"binary-expr","locations":[{"start":{"line":15,"column":35},"end":{"line":15,"column":63}},{"start":{"line":15,"column":67},"end":{"line":15,"column":72}}]},"5":{"loc":{"start":{"line":33,"column":12},"end":{"line":60,"column":13}},"type":"if","locations":[{"start":{"line":33,"column":12},"end":{"line":60,"column":13}},{"start":{},"end":{}}]},"6":{"loc":{"start":{"line":33,"column":16},"end":{"line":33,"column":41}},"type":"binary-expr","locations":[{"start":{"line":33,"column":16},"end":{"line":33,"column":22}},{"start":{"line":33,"column":26},"end":{"line":33,"column":41}}]},"7":{"loc":{"start":{"line":38,"column":16},"end":{"line":59,"column":17}},"type":"if","locations":[{"start":{"line":38,"column":16},"end":{"line":59,"column":17}},{"start":{"line":40,"column":23},"end":{"line":59,"column":17}}]},"8":{"loc":{"start":{"line":49,"column":20},"end":{"line":58,"column":21}},"type":"if","locations":[{"start":{"line":49,"column":20},"end":{"line":58,"column":21}},{"start":{},"end":{}}]},"9":{"loc":{"start":{"line":55,"column":24},"end":{"line":57,"column":25}},"type":"if","locations":[{"start":{"line":55,"column":24},"end":{"line":57,"column":25}},{"start":{},"end":{}}]},"10":{"loc":{"start":{"line":73,"column":12},"end":{"line":77,"column":13}},"type":"if","locations":[{"start":{"line":73,"column":12},"end":{"line":77,"column":13}},{"start":{"line":75,"column":19},"end":{"line":77,"column":13}}]},"11":{"loc":{"start":{"line":73,"column":16},"end":{"line":73,"column":56}},"type":"binary-expr","locations":[{"start":{"line":73,"column":16},"end":{"line":73,"column":29}},{"start":{"line":73,"column":33},"end":{"line":73,"column":56}}]},"12":{"loc":{"start":{"line":75,"column":19},"end":{"line":77,"column":13}},"type":"if","locations":[{"start":{"line":75,"column":19},"end":{"line":77,"column":13}},{"start":{},"end":{}}]},"13":{"loc":{"start":{"line":80,"column":12},"end":{"line":87,"column":13}},"type":"if","locations":[{"start":{"line":80,"column":12},"end":{"line":87,"column":13}},{"start":{},"end":{}}]},"14":{"loc":{"start":{"line":94,"column":12},"end":{"line":106,"column":13}},"type":"if","locations":[{"start":{"line":94,"column":12},"end":{"line":106,"column":13}},{"start":{},"end":{}}]},"15":{"loc":{"start":{"line":98,"column":16},"end":{"line":105,"column":17}},"type":"if","locations":[{"start":{"line":98,"column":16},"end":{"line":105,"column":17}},{"start":{},"end":{}}]},"16":{"loc":{"start":{"line":155,"column":25},"end":{"line":160,"column":null}},"type":"binary-expr","locations":[{"start":{"line":155,"column":25},"end":{"line":155,"column":46}},{"start":{"line":156,"column":25},"end":{"line":156,"column":49}},{"start":{"line":158,"column":30},"end":{"line":158,"column":42}},{"start":{"line":158,"column":46},"end":{"line":158,"column":83}},{"start":{"line":159,"column":30},"end":{"line":159,"column":40}},{"start":{"line":159,"column":44},"end":{"line":159,"column":79}},{"start":{"line":160,"column":30},"end":{"line":160,"column":47}},{"start":{"line":160,"column":51},"end":{"line":160,"column":93}}]},"17":{"loc":{"start":{"line":168,"column":16},"end":{"line":173,"column":17}},"type":"if","locations":[{"start":{"line":168,"column":16},"end":{"line":173,"column":17}},{"start":{"line":170,"column":23},"end":{"line":173,"column":17}}]},"18":{"loc":{"start":{"line":182,"column":29},"end":{"line":182,"column":71}},"type":"binary-expr","locations":[{"start":{"line":182,"column":29},"end":{"line":182,"column":62}},{"start":{"line":182,"column":66},"end":{"line":182,"column":71}}]},"19":{"loc":{"start":{"line":183,"column":30},"end":{"line":183,"column":71}},"type":"binary-expr","locations":[{"start":{"line":183,"column":30},"end":{"line":183,"column":63}},{"start":{"line":183,"column":67},"end":{"line":183,"column":71}}]},"20":{"loc":{"start":{"line":191,"column":12},"end":{"line":195,"column":13}},"type":"if","locations":[{"start":{"line":191,"column":12},"end":{"line":195,"column":13}},{"start":{},"end":{}}]},"21":{"loc":{"start":{"line":193,"column":20},"end":{"line":193,"column":75}},"type":"binary-expr","locations":[{"start":{"line":193,"column":20},"end":{"line":193,"column":51}},{"start":{"line":193,"column":55},"end":{"line":193,"column":75}}]},"22":{"loc":{"start":{"line":198,"column":34},"end":{"line":198,"column":88}},"type":"cond-expr","locations":[{"start":{"line":198,"column":57},"end":{"line":198,"column":80}},{"start":{"line":198,"column":83},"end":{"line":198,"column":88}}]},"23":{"loc":{"start":{"line":221,"column":25},"end":{"line":221,"column":64}},"type":"binary-expr","locations":[{"start":{"line":221,"column":25},"end":{"line":221,"column":59}},{"start":{"line":221,"column":63},"end":{"line":221,"column":64}}]},"24":{"loc":{"start":{"line":222,"column":26},"end":{"line":222,"column":67}},"type":"binary-expr","locations":[{"start":{"line":222,"column":26},"end":{"line":222,"column":61}},{"start":{"line":222,"column":65},"end":{"line":222,"column":67}}]},"25":{"loc":{"start":{"line":224,"column":28},"end":{"line":224,"column":61}},"type":"binary-expr","locations":[{"start":{"line":224,"column":28},"end":{"line":224,"column":55}},{"start":{"line":224,"column":59},"end":{"line":224,"column":61}}]},"26":{"loc":{"start":{"line":225,"column":35},"end":{"line":225,"column":72}},"type":"binary-expr","locations":[{"start":{"line":225,"column":35},"end":{"line":225,"column":63}},{"start":{"line":225,"column":67},"end":{"line":225,"column":72}}]},"27":{"loc":{"start":{"line":226,"column":35},"end":{"line":226,"column":72}},"type":"binary-expr","locations":[{"start":{"line":226,"column":35},"end":{"line":226,"column":63}},{"start":{"line":226,"column":67},"end":{"line":226,"column":72}}]},"28":{"loc":{"start":{"line":234,"column":12},"end":{"line":236,"column":13}},"type":"if","locations":[{"start":{"line":234,"column":12},"end":{"line":236,"column":13}},{"start":{},"end":{}}]},"29":{"loc":{"start":{"line":245,"column":12},"end":{"line":272,"column":13}},"type":"if","locations":[{"start":{"line":245,"column":12},"end":{"line":272,"column":13}},{"start":{},"end":{}}]},"30":{"loc":{"start":{"line":245,"column":16},"end":{"line":245,"column":41}},"type":"binary-expr","locations":[{"start":{"line":245,"column":16},"end":{"line":245,"column":22}},{"start":{"line":245,"column":26},"end":{"line":245,"column":41}}]},"31":{"loc":{"start":{"line":250,"column":16},"end":{"line":271,"column":17}},"type":"if","locations":[{"start":{"line":250,"column":16},"end":{"line":271,"column":17}},{"start":{"line":252,"column":23},"end":{"line":271,"column":17}}]},"32":{"loc":{"start":{"line":261,"column":20},"end":{"line":270,"column":21}},"type":"if","locations":[{"start":{"line":261,"column":20},"end":{"line":270,"column":21}},{"start":{},"end":{}}]},"33":{"loc":{"start":{"line":267,"column":24},"end":{"line":269,"column":25}},"type":"if","locations":[{"start":{"line":267,"column":24},"end":{"line":269,"column":25}},{"start":{},"end":{}}]},"34":{"loc":{"start":{"line":285,"column":12},"end":{"line":292,"column":13}},"type":"if","locations":[{"start":{"line":285,"column":12},"end":{"line":292,"column":13}},{"start":{},"end":{}}]},"35":{"loc":{"start":{"line":295,"column":12},"end":{"line":297,"column":13}},"type":"if","locations":[{"start":{"line":295,"column":12},"end":{"line":297,"column":13}},{"start":{},"end":{}}]},"36":{"loc":{"start":{"line":301,"column":12},"end":{"line":309,"column":13}},"type":"if","locations":[{"start":{"line":301,"column":12},"end":{"line":309,"column":13}},{"start":{"line":305,"column":19},"end":{"line":309,"column":13}}]},"37":{"loc":{"start":{"line":301,"column":16},"end":{"line":301,"column":56}},"type":"binary-expr","locations":[{"start":{"line":301,"column":16},"end":{"line":301,"column":29}},{"start":{"line":301,"column":33},"end":{"line":301,"column":56}}]},"38":{"loc":{"start":{"line":305,"column":19},"end":{"line":309,"column":13}},"type":"if","locations":[{"start":{"line":305,"column":19},"end":{"line":309,"column":13}},{"start":{},"end":{}}]},"39":{"loc":{"start":{"line":353,"column":29},"end":{"line":353,"column":81}},"type":"binary-expr","locations":[{"start":{"line":353,"column":29},"end":{"line":353,"column":72}},{"start":{"line":353,"column":76},"end":{"line":353,"column":81}}]},"40":{"loc":{"start":{"line":354,"column":33},"end":{"line":354,"column":90}},"type":"binary-expr","locations":[{"start":{"line":354,"column":33},"end":{"line":354,"column":81}},{"start":{"line":354,"column":85},"end":{"line":354,"column":90}}]},"41":{"loc":{"start":{"line":355,"column":28},"end":{"line":355,"column":85}},"type":"binary-expr","locations":[{"start":{"line":355,"column":28},"end":{"line":355,"column":67}},{"start":{"line":355,"column":71},"end":{"line":355,"column":85}}]},"42":{"loc":{"start":{"line":358,"column":30},"end":{"line":358,"column":91}},"type":"binary-expr","locations":[{"start":{"line":358,"column":30},"end":{"line":358,"column":83}},{"start":{"line":358,"column":87},"end":{"line":358,"column":91}}]},"43":{"loc":{"start":{"line":426,"column":12},"end":{"line":428,"column":13}},"type":"if","locations":[{"start":{"line":426,"column":12},"end":{"line":428,"column":13}},{"start":{},"end":{}}]},"44":{"loc":{"start":{"line":448,"column":36},"end":{"line":450,"column":47}},"type":"cond-expr","locations":[{"start":{"line":448,"column":48},"end":{"line":450,"column":42}},{"start":{"line":450,"column":45},"end":{"line":450,"column":47}}]},"45":{"loc":{"start":{"line":449,"column":29},"end":{"line":449,"column":86}},"type":"binary-expr","locations":[{"start":{"line":449,"column":29},"end":{"line":449,"column":67}},{"start":{"line":449,"column":71},"end":{"line":449,"column":86}}]},"46":{"loc":{"start":{"line":453,"column":36},"end":{"line":458,"column":47}},"type":"cond-expr","locations":[{"start":{"line":453,"column":48},"end":{"line":458,"column":42}},{"start":{"line":458,"column":45},"end":{"line":458,"column":47}}]},"47":{"loc":{"start":{"line":455,"column":20},"end":{"line":456,"column":35}},"type":"binary-expr","locations":[{"start":{"line":455,"column":20},"end":{"line":455,"column":92}},{"start":{"line":456,"column":20},"end":{"line":456,"column":35}}]},"48":{"loc":{"start":{"line":462,"column":33},"end":{"line":462,"column":54}},"type":"binary-expr","locations":[{"start":{"line":462,"column":33},"end":{"line":462,"column":48}},{"start":{"line":462,"column":52},"end":{"line":462,"column":54}}]},"49":{"loc":{"start":{"line":463,"column":33},"end":{"line":463,"column":54}},"type":"binary-expr","locations":[{"start":{"line":463,"column":33},"end":{"line":463,"column":48}},{"start":{"line":463,"column":52},"end":{"line":463,"column":54}}]},"50":{"loc":{"start":{"line":464,"column":24},"end":{"line":464,"column":36}},"type":"binary-expr","locations":[{"start":{"line":464,"column":24},"end":{"line":464,"column":30}},{"start":{"line":464,"column":34},"end":{"line":464,"column":36}}]}},"s":{"0":1,"1":1,"2":1,"3":2,"4":2,"5":2,"6":2,"7":2,"8":2,"9":2,"10":2,"11":2,"12":1,"13":3,"14":1,"15":1,"16":1,"17":0,"18":0,"19":0,"20":0,"21":0,"22":0,"23":0,"24":0,"25":1,"26":1,"27":0,"28":1,"29":0,"30":1,"31":0,"32":1,"33":1,"34":0,"35":0,"36":0,"37":1,"38":1,"39":1,"40":1,"41":1,"42":1,"43":1,"44":1,"45":1,"46":1,"47":1,"48":1,"49":0,"50":1,"51":1,"52":1,"53":0,"54":0,"55":1,"56":1,"57":1,"58":1,"59":1,"60":1,"61":2,"62":2,"63":2,"64":2,"65":2,"66":2,"67":2,"68":2,"69":2,"70":2,"71":1,"72":1,"73":1,"74":1,"75":0,"76":0,"77":0,"78":0,"79":0,"80":0,"81":0,"82":0,"83":1,"84":1,"85":0,"86":1,"87":0,"88":1,"89":0,"90":1,"91":0,"92":1,"93":1,"94":1,"95":1,"96":1,"97":1,"98":0,"99":0,"100":1,"101":2,"102":2,"103":2,"104":2,"105":1,"106":1,"107":1,"108":1,"109":1,"110":1,"111":1,"112":1,"113":1,"114":1,"115":0,"116":0,"117":1,"118":0,"119":0,"120":1,"121":1,"122":1,"123":0,"124":0,"125":1,"126":1,"127":1,"128":0,"129":0,"130":1},"f":{"0":2,"1":3,"2":1,"3":1,"4":1,"5":1,"6":0,"7":2,"8":1,"9":2,"10":1,"11":1,"12":1,"13":1,"14":0,"15":0,"16":1,"17":1},"b":{"0":[2,1],"1":[2,1],"2":[2,2],"3":[2,2],"4":[2,2],"5":[0,1],"6":[1,0],"7":[0,0],"8":[0,0],"9":[0,0],"10":[0,1],"11":[1,0],"12":[0,1],"13":[0,1],"14":[0,1],"15":[0,0],"16":[1,1,1,1,0,0,0,0],"17":[1,0],"18":[1,0],"19":[1,0],"20":[0,1],"21":[0,0],"22":[0,1],"23":[2,1],"24":[2,1],"25":[2,2],"26":[2,2],"27":[2,2],"28":[1,1],"29":[0,1],"30":[1,0],"31":[0,0],"32":[0,0],"33":[0,0],"34":[0,1],"35":[0,1],"36":[0,1],"37":[1,0],"38":[0,1],"39":[1,0],"40":[1,0],"41":[1,0],"42":[1,0],"43":[1,1],"44":[1,0],"45":[1,1],"46":[0,1],"47":[0,0],"48":[1,0],"49":[1,0],"50":[1,0]}}
}
