TN:
SF:src/auth/utils/password.ts
FN:3,(anonymous_1)
FN:8,(anonymous_2)
FNF:2
FNH:2
FNDA:3,(anonymous_1)
FNDA:2,(anonymous_2)
DA:1,1
DA:3,1
DA:4,3
DA:5,3
DA:8,1
DA:9,2
LF:6
LH:6
BRF:0
BRH:0
end_of_record
TN:
SF:src/event/event.controller.ts
FN:8,(anonymous_0)
FN:51,(anonymous_1)
FN:53,(anonymous_2)
FN:54,(anonymous_3)
FN:55,(anonymous_4)
FN:86,(anonymous_5)
FN:87,(anonymous_6)
FN:103,(anonymous_7)
FN:104,(anonymous_8)
FN:138,(anonymous_9)
FN:164,(anonymous_10)
FN:246,(anonymous_11)
FN:276,(anonymous_12)
FN:304,(anonymous_13)
FNF:14
FNH:10
FNDA:4,(anonymous_0)
FNDA:0,(anonymous_1)
FNDA:1,(anonymous_2)
FNDA:1,(anonymous_3)
FNDA:1,(anonymous_4)
FNDA:1,(anonymous_5)
FNDA:1,(anonymous_6)
FNDA:0,(anonymous_7)
FNDA:0,(anonymous_8)
FNDA:0,(anonymous_9)
FNDA:1,(anonymous_10)
FNDA:2,(anonymous_11)
FNDA:1,(anonymous_12)
FNDA:2,(anonymous_13)
DA:2,1
DA:4,1
DA:6,1
DA:8,1
DA:9,4
DA:10,4
DA:11,4
DA:12,1
DA:15,3
DA:16,3
DA:17,3
DA:20,3
DA:40,2
DA:43,2
DA:46,2
DA:51,2
DA:53,2
DA:54,2
DA:55,2
DA:58,2
DA:62,2
DA:64,0
DA:69,0
DA:70,0
DA:78,0
DA:83,2
DA:85,1
DA:86,1
DA:87,1
DA:89,1
DA:90,1
DA:95,0
DA:100,1
DA:102,0
DA:103,0
DA:104,0
DA:106,0
DA:107,0
DA:112,0
DA:119,1
DA:126,2
DA:130,2
DA:137,2
DA:138,2
DA:139,0
DA:140,0
DA:141,0
DA:143,0
DA:144,0
DA:148,0
DA:149,0
DA:150,0
DA:151,0
DA:154,0
DA:155,0
DA:156,0
DA:157,0
DA:159,0
DA:164,2
DA:165,1
DA:166,1
DA:167,1
DA:169,1
DA:170,1
DA:172,1
DA:174,0
DA:175,0
DA:176,1
DA:177,1
DA:178,0
DA:179,0
DA:180,1
DA:181,0
DA:182,0
DA:184,1
DA:185,1
DA:187,0
DA:188,0
DA:189,0
DA:190,0
DA:191,0
DA:192,0
DA:193,0
DA:195,0
DA:196,0
DA:200,0
DA:201,0
DA:202,0
DA:203,0
DA:204,0
DA:205,0
DA:207,0
DA:208,0
DA:212,1
DA:228,2
DA:240,1
DA:241,1
DA:246,1
DA:247,2
DA:248,2
DA:250,2
DA:251,1
DA:254,1
DA:268,1
DA:270,0
DA:271,0
DA:276,1
DA:277,1
DA:278,1
DA:279,1
DA:281,1
DA:296,1
DA:298,0
DA:299,0
DA:304,1
DA:305,2
DA:306,2
DA:308,2
DA:313,1
DA:315,1
DA:316,1
LF:121
LH:69
BRDA:11,0,0,1
BRDA:11,0,1,3
BRDA:15,1,0,3
BRDA:15,1,1,2
BRDA:16,2,0,3
BRDA:16,2,1,2
BRDA:62,3,0,0
BRDA:62,3,1,2
BRDA:69,4,0,0
BRDA:69,4,1,0
BRDA:83,5,0,1
BRDA:83,5,1,1
BRDA:89,6,0,1
BRDA:89,6,1,0
BRDA:100,7,0,0
BRDA:100,7,1,1
BRDA:106,8,0,0
BRDA:106,8,1,0
BRDA:140,9,0,0
BRDA:140,9,1,0
BRDA:141,10,0,0
BRDA:141,10,1,0
BRDA:143,11,0,0
BRDA:143,11,1,0
BRDA:154,12,0,0
BRDA:154,12,1,0
BRDA:154,13,0,0
BRDA:154,13,1,0
BRDA:156,14,0,0
BRDA:156,14,1,0
BRDA:156,15,0,0
BRDA:156,15,1,0
BRDA:159,16,0,0
BRDA:159,16,1,0
BRDA:172,17,0,0
BRDA:172,17,1,1
BRDA:176,18,0,1
BRDA:176,18,1,0
BRDA:177,19,0,0
BRDA:177,19,1,1
BRDA:180,20,0,0
BRDA:180,20,1,1
BRDA:187,21,0,0
BRDA:187,21,1,0
BRDA:188,22,0,0
BRDA:188,22,1,0
BRDA:191,23,0,0
BRDA:191,23,1,0
BRDA:200,24,0,0
BRDA:200,24,1,0
BRDA:203,25,0,0
BRDA:203,25,1,0
BRDA:250,26,0,1
BRDA:250,26,1,1
BRDA:250,27,0,2
BRDA:250,27,1,2
BRDA:250,27,2,1
BRDA:250,27,3,1
BRDA:257,28,0,1
BRDA:257,28,1,1
BRDA:260,29,0,1
BRDA:260,29,1,1
BRDA:261,30,0,1
BRDA:261,30,1,1
BRDA:263,31,0,1
BRDA:263,31,1,1
BRDA:264,32,0,1
BRDA:264,32,1,1
BRDA:284,33,0,1
BRDA:284,33,1,0
BRDA:285,34,0,1
BRDA:285,34,1,0
BRDA:286,35,0,1
BRDA:286,35,1,0
BRDA:287,36,0,1
BRDA:287,36,1,0
BRDA:288,37,0,1
BRDA:288,37,1,0
BRDA:289,38,0,1
BRDA:289,38,1,0
BRDA:290,39,0,1
BRDA:290,39,1,1
BRDA:291,40,0,1
BRDA:291,40,1,0
BRDA:292,41,0,1
BRDA:292,41,1,0
BRDA:292,42,0,0
BRDA:292,42,1,0
BRF:88
BRH:41
end_of_record
TN:
SF:src/messaging/messaging.controller.ts
FN:13,(anonymous_0)
FN:87,(anonymous_1)
FN:105,(anonymous_2)
FN:152,(anonymous_3)
FN:182,(anonymous_4)
FN:224,(anonymous_5)
FN:245,(anonymous_6)
FN:251,(anonymous_7)
FN:268,(anonymous_8)
FN:285,(anonymous_9)
FN:310,(anonymous_10)
FN:324,(anonymous_11)
FN:355,(anonymous_12)
FN:397,(anonymous_13)
FN:417,(anonymous_14)
FN:521,(anonymous_15)
FN:550,(anonymous_16)
FNF:17
FNH:2
FNDA:4,(anonymous_0)
FNDA:0,(anonymous_1)
FNDA:0,(anonymous_2)
FNDA:0,(anonymous_3)
FNDA:0,(anonymous_4)
FNDA:0,(anonymous_5)
FNDA:0,(anonymous_6)
FNDA:0,(anonymous_7)
FNDA:0,(anonymous_8)
FNDA:0,(anonymous_9)
FNDA:0,(anonymous_10)
FNDA:0,(anonymous_11)
FNDA:0,(anonymous_12)
FNDA:0,(anonymous_13)
FNDA:0,(anonymous_14)
FNDA:2,(anonymous_15)
FNDA:0,(anonymous_16)
DA:2,1
DA:3,1
DA:5,1
DA:6,1
DA:8,1
DA:14,4
DA:15,4
DA:17,4
DA:18,0
DA:19,0
DA:22,4
DA:24,4
DA:25,1
DA:28,1
DA:32,3
DA:41,2
DA:43,2
DA:47,2
DA:48,1
DA:49,1
DA:53,1
DA:62,1
DA:70,1
DA:75,0
DA:85,0
DA:87,0
DA:90,1
DA:95,1
DA:96,1
DA:106,0
DA:108,0
DA:109,0
DA:113,0
DA:114,0
DA:117,0
DA:118,0
DA:120,0
DA:121,0
DA:124,0
DA:127,0
DA:132,0
DA:133,0
DA:137,0
DA:146,0
DA:152,0
DA:158,0
DA:159,0
DA:163,0
DA:168,0
DA:172,0
DA:173,0
DA:183,0
DA:184,0
DA:185,0
DA:186,0
DA:187,0
DA:190,0
DA:211,0
DA:213,0
DA:214,0
DA:228,0
DA:229,0
DA:230,0
DA:231,0
DA:232,0
DA:236,0
DA:245,0
DA:246,0
DA:247,0
DA:248,0
DA:250,0
DA:251,0
DA:253,0
DA:256,0
DA:258,0
DA:259,0
DA:268,0
DA:273,0
DA:275,0
DA:276,0
DA:285,0
DA:290,0
DA:297,0
DA:310,0
DA:314,0
DA:316,0
DA:324,0
DA:328,0
DA:330,0
DA:331,0
DA:332,0
DA:335,0
DA:345,0
DA:347,0
DA:348,0
DA:356,0
DA:357,0
DA:358,0
DA:360,0
DA:361,0
DA:362,0
DA:367,0
DA:396,0
DA:397,0
DA:408,0
DA:409,0
DA:421,0
DA:422,0
DA:423,0
DA:424,0
DA:425,0
DA:429,0
DA:461,0
DA:463,0
DA:464,0
DA:465,0
DA:468,0
DA:470,0
DA:473,0
DA:474,0
DA:477,0
DA:488,0
DA:504,0
DA:505,0
DA:510,0
DA:512,0
DA:513,0
DA:522,2
DA:523,2
DA:524,2
DA:525,1
DA:526,1
DA:529,1
DA:539,1
DA:541,0
DA:542,0
DA:554,0
DA:555,0
DA:556,0
DA:558,0
DA:559,0
DA:560,0
DA:564,0
DA:578,0
DA:580,0
DA:581,0
LF:146
LH:31
BRDA:17,0,0,0
BRDA:17,0,1,4
BRDA:24,1,0,1
BRDA:24,1,1,3
BRDA:36,2,0,3
BRDA:36,2,1,3
BRDA:41,3,0,2
BRDA:41,3,1,0
BRDA:47,4,0,1
BRDA:47,4,1,1
BRDA:109,5,0,0
BRDA:109,5,1,0
BRDA:110,6,0,0
BRDA:110,6,1,0
BRDA:118,7,0,0
BRDA:118,7,1,0
BRDA:118,8,0,0
BRDA:118,8,1,0
BRDA:132,9,0,0
BRDA:132,9,1,0
BRDA:137,10,0,0
BRDA:137,10,1,0
BRDA:158,11,0,0
BRDA:158,11,1,0
BRDA:185,12,0,0
BRDA:185,12,1,0
BRDA:230,13,0,0
BRDA:230,13,1,0
BRDA:256,14,0,0
BRDA:256,14,1,0
BRDA:258,15,0,0
BRDA:258,15,1,0
BRDA:273,16,0,0
BRDA:273,16,1,0
BRDA:275,17,0,0
BRDA:275,17,1,0
BRDA:290,18,0,0
BRDA:290,18,1,0
BRDA:291,19,0,0
BRDA:291,19,1,0
BRDA:291,19,2,0
BRDA:291,19,3,0
BRDA:291,19,4,0
BRDA:314,20,0,0
BRDA:314,20,1,0
BRDA:314,21,0,0
BRDA:314,21,1,0
BRDA:330,22,0,0
BRDA:330,22,1,0
BRDA:360,23,0,0
BRDA:360,23,1,0
BRDA:360,24,0,0
BRDA:360,24,1,0
BRDA:423,25,0,0
BRDA:423,25,1,0
BRDA:465,26,0,0
BRDA:465,26,1,0
BRDA:468,27,0,0
BRDA:468,27,1,0
BRDA:470,28,0,0
BRDA:470,28,1,0
BRDA:473,29,0,0
BRDA:473,29,1,0
BRDA:490,30,0,0
BRDA:490,30,1,0
BRDA:493,31,0,0
BRDA:493,31,1,0
BRDA:494,32,0,0
BRDA:494,32,1,0
BRDA:500,33,0,0
BRDA:500,33,1,0
BRDA:500,34,0,0
BRDA:500,34,1,0
BRDA:504,35,0,0
BRDA:504,35,1,0
BRDA:504,36,0,0
BRDA:504,36,1,0
BRDA:524,37,0,1
BRDA:524,37,1,1
BRDA:558,38,0,0
BRDA:558,38,1,0
BRDA:558,39,0,0
BRDA:558,39,1,0
BRF:83
BRH:10
end_of_record
TN:
SF:src/messaging/webhook.service.ts
FN:9,(anonymous_0)
FN:26,(anonymous_1)
FN:35,(anonymous_2)
FNF:3
FNH:0
FNDA:0,(anonymous_0)
FNDA:0,(anonymous_1)
FNDA:0,(anonymous_2)
DA:1,1
DA:3,1
DA:5,1
DA:10,0
DA:12,0
DA:16,0
DA:17,0
DA:18,0
DA:21,0
DA:25,0
DA:26,0
DA:27,0
DA:31,0
DA:36,0
DA:41,0
DA:43,0
DA:46,0
DA:54,0
DA:55,0
DA:57,0
LF:20
LH:3
BRDA:16,0,0,0
BRDA:16,0,1,0
BRDA:41,1,0,0
BRDA:41,1,1,0
BRDA:54,2,0,0
BRDA:54,2,1,0
BRF:6
BRH:0
end_of_record
TN:
SF:src/person/person.controller.ts
FN:8,(anonymous_0)
FN:24,(anonymous_1)
FN:146,(anonymous_2)
FN:149,(anonymous_3)
FN:150,(anonymous_4)
FN:155,(anonymous_5)
FN:192,(anonymous_6)
FN:219,(anonymous_7)
FN:347,(anonymous_8)
FN:380,(anonymous_9)
FN:442,(anonymous_10)
FN:443,(anonymous_11)
FN:449,(anonymous_12)
FN:450,(anonymous_13)
FN:454,(anonymous_14)
FN:458,(anonymous_15)
FN:473,(anonymous_16)
FN:485,(anonymous_17)
FNF:18
FNH:15
FNDA:2,(anonymous_0)
FNDA:3,(anonymous_1)
FNDA:1,(anonymous_2)
FNDA:1,(anonymous_3)
FNDA:1,(anonymous_4)
FNDA:1,(anonymous_5)
FNDA:0,(anonymous_6)
FNDA:2,(anonymous_7)
FNDA:1,(anonymous_8)
FNDA:2,(anonymous_9)
FNDA:1,(anonymous_10)
FNDA:1,(anonymous_11)
FNDA:1,(anonymous_12)
FNDA:1,(anonymous_13)
FNDA:0,(anonymous_14)
FNDA:0,(anonymous_15)
FNDA:1,(anonymous_16)
FNDA:1,(anonymous_17)
DA:2,1
DA:4,1
DA:6,1
DA:8,1
DA:9,2
DA:10,2
DA:11,2
DA:12,2
DA:13,2
DA:14,2
DA:15,2
DA:16,2
DA:19,2
DA:24,3
DA:27,1
DA:32,1
DA:33,1
DA:34,0
DA:38,0
DA:39,0
DA:42,0
DA:49,0
DA:51,0
DA:55,0
DA:56,0
DA:63,1
DA:73,1
DA:74,0
DA:75,1
DA:76,0
DA:80,1
DA:81,0
DA:90,1
DA:94,1
DA:95,0
DA:98,0
DA:99,0
DA:108,1
DA:135,1
DA:138,1
DA:141,1
DA:146,1
DA:148,1
DA:149,1
DA:150,1
DA:154,1
DA:155,1
DA:168,1
DA:169,1
DA:172,0
DA:175,1
DA:190,1
DA:191,1
DA:192,0
DA:193,0
DA:198,1
DA:199,1
DA:201,1
DA:213,1
DA:214,1
DA:219,1
DA:220,2
DA:221,2
DA:222,2
DA:223,2
DA:224,2
DA:225,2
DA:226,2
DA:227,2
DA:230,2
DA:234,2
DA:235,1
DA:239,1
DA:244,1
DA:245,1
DA:246,0
DA:250,0
DA:251,0
DA:254,0
DA:261,0
DA:263,0
DA:267,0
DA:268,0
DA:275,1
DA:285,1
DA:286,0
DA:295,1
DA:296,0
DA:301,1
DA:302,0
DA:305,1
DA:306,0
DA:312,1
DA:315,1
DA:347,1
DA:348,1
DA:349,1
DA:362,1
DA:374,0
DA:375,0
DA:380,1
DA:381,2
DA:382,2
DA:384,2
DA:426,2
DA:427,1
DA:431,1
DA:442,1
DA:443,1
DA:444,1
DA:448,1
DA:449,1
DA:450,1
DA:453,1
DA:455,0
DA:458,0
DA:460,1
DA:467,0
DA:468,0
DA:473,1
DA:474,1
DA:477,1
DA:479,0
DA:480,0
DA:485,1
DA:486,1
DA:489,1
DA:491,0
DA:492,0
LF:129
LH:90
BRDA:10,0,0,2
BRDA:10,0,1,1
BRDA:11,1,0,2
BRDA:11,1,1,1
BRDA:13,2,0,2
BRDA:13,2,1,2
BRDA:14,3,0,2
BRDA:14,3,1,2
BRDA:15,4,0,2
BRDA:15,4,1,2
BRDA:33,5,0,0
BRDA:33,5,1,1
BRDA:33,6,0,1
BRDA:33,6,1,0
BRDA:38,7,0,0
BRDA:38,7,1,0
BRDA:49,8,0,0
BRDA:49,8,1,0
BRDA:55,9,0,0
BRDA:55,9,1,0
BRDA:73,10,0,0
BRDA:73,10,1,1
BRDA:73,11,0,1
BRDA:73,11,1,0
BRDA:75,12,0,0
BRDA:75,12,1,1
BRDA:80,13,0,0
BRDA:80,13,1,1
BRDA:94,14,0,0
BRDA:94,14,1,1
BRDA:98,15,0,0
BRDA:98,15,1,0
BRDA:155,16,0,1
BRDA:155,16,1,1
BRDA:155,16,2,1
BRDA:155,16,3,1
BRDA:155,16,4,0
BRDA:155,16,5,0
BRDA:155,16,6,0
BRDA:155,16,7,0
BRDA:168,17,0,1
BRDA:168,17,1,0
BRDA:182,18,0,1
BRDA:182,18,1,0
BRDA:183,19,0,1
BRDA:183,19,1,0
BRDA:191,20,0,0
BRDA:191,20,1,1
BRDA:193,21,0,0
BRDA:193,21,1,0
BRDA:198,22,0,0
BRDA:198,22,1,1
BRDA:221,23,0,2
BRDA:221,23,1,1
BRDA:222,24,0,2
BRDA:222,24,1,1
BRDA:224,25,0,2
BRDA:224,25,1,2
BRDA:225,26,0,2
BRDA:225,26,1,2
BRDA:226,27,0,2
BRDA:226,27,1,2
BRDA:234,28,0,1
BRDA:234,28,1,1
BRDA:245,29,0,0
BRDA:245,29,1,1
BRDA:245,30,0,1
BRDA:245,30,1,0
BRDA:250,31,0,0
BRDA:250,31,1,0
BRDA:261,32,0,0
BRDA:261,32,1,0
BRDA:267,33,0,0
BRDA:267,33,1,0
BRDA:285,34,0,0
BRDA:285,34,1,1
BRDA:295,35,0,0
BRDA:295,35,1,1
BRDA:301,36,0,0
BRDA:301,36,1,1
BRDA:301,37,0,1
BRDA:301,37,1,0
BRDA:305,38,0,0
BRDA:305,38,1,1
BRDA:353,39,0,1
BRDA:353,39,1,0
BRDA:354,40,0,1
BRDA:354,40,1,0
BRDA:355,41,0,1
BRDA:355,41,1,0
BRDA:358,42,0,1
BRDA:358,42,1,0
BRDA:426,43,0,1
BRDA:426,43,1,1
BRDA:448,44,0,1
BRDA:448,44,1,0
BRDA:449,45,0,1
BRDA:449,45,1,1
BRDA:453,46,0,0
BRDA:453,46,1,1
BRDA:455,47,0,0
BRDA:455,47,1,0
BRDA:462,48,0,1
BRDA:462,48,1,0
BRDA:463,49,0,1
BRDA:463,49,1,0
BRDA:464,50,0,1
BRDA:464,50,1,0
BRF:108
BRH:58
end_of_record
